[3.746s] Invoking command in '/home/cc/ee106a/fa25/class/ee106a-adc/EECS-C106A-Final-Project/src/planning': PYTHONPATH=/home/cc/ee106a/fa25/class/ee106a-adc/EECS-C106A-Final-Project/build/planning/prefix_override:/home/cc/ee106a/fa25/class/ee106a-adc/.local/lib/python3.10/site-packages/colcon_core/task/python/colcon_distutils_commands:/home/cc/ee106a/fa25/class/ee106a-adc/EECS-C106A-Final-Project/install/planning/lib/python3.10/site-packages:${PYTHONPATH} /usr/bin/python3 -W ignore:setup.py install is deprecated -W ignore:easy_install command is deprecated setup.py egg_info --egg-base ../../build/planning build --build-base /home/cc/ee106a/fa25/class/ee106a-adc/EECS-C106A-Final-Project/build/planning/build install --record /home/cc/ee106a/fa25/class/ee106a-adc/EECS-C106A-Final-Project/build/planning/install.log --single-version-externally-managed install_data
[4.209s] /home/cc/ee106a/fa25/class/ee106a-adc/.local/lib/python3.10/site-packages/setuptools/_distutils/dist.py:289: UserWarning: Unknown distribution option: 'tests_require'
[4.209s]   warnings.warn(msg)
[4.793s] running egg_info
[4.894s] writing ../../build/planning/planning.egg-info/PKG-INFO
[4.900s] writing dependency_links to ../../build/planning/planning.egg-info/dependency_links.txt
[4.903s] writing entry points to ../../build/planning/planning.egg-info/entry_points.txt
[4.906s] writing requirements to ../../build/planning/planning.egg-info/requires.txt
[4.909s] writing top-level names to ../../build/planning/planning.egg-info/top_level.txt
[5.094s] reading manifest file '../../build/planning/planning.egg-info/SOURCES.txt'
[5.098s] writing manifest file '../../build/planning/planning.egg-info/SOURCES.txt'
[5.100s] running build
[5.100s] running build_py
[5.102s] copying planning/__init__.py -> /home/cc/ee106a/fa25/class/ee106a-adc/EECS-C106A-Final-Project/build/planning/build/lib/planning
[5.108s] copying planning/ik.py -> /home/cc/ee106a/fa25/class/ee106a-adc/EECS-C106A-Final-Project/build/planning/build/lib/planning
[5.113s] copying planning/main.py -> /home/cc/ee106a/fa25/class/ee106a-adc/EECS-C106A-Final-Project/build/planning/build/lib/planning
[5.119s] copying planning/oneshot_gen_traj.py -> /home/cc/ee106a/fa25/class/ee106a-adc/EECS-C106A-Final-Project/build/planning/build/lib/planning
[5.124s] copying planning/sim.py -> /home/cc/ee106a/fa25/class/ee106a-adc/EECS-C106A-Final-Project/build/planning/build/lib/planning
[5.128s] copying planning/static_tf_transform.py -> /home/cc/ee106a/fa25/class/ee106a-adc/EECS-C106A-Final-Project/build/planning/build/lib/planning
[5.133s] copying planning/test_launch.py -> /home/cc/ee106a/fa25/class/ee106a-adc/EECS-C106A-Final-Project/build/planning/build/lib/planning
[5.137s] copying planning/transform_ball_pose.py -> /home/cc/ee106a/fa25/class/ee106a-adc/EECS-C106A-Final-Project/build/planning/build/lib/planning
[5.141s] copying planning/load_urdf.py -> /home/cc/ee106a/fa25/class/ee106a-adc/EECS-C106A-Final-Project/build/planning/build/lib/planning
[5.144s] copying planning/world.py -> /home/cc/ee106a/fa25/class/ee106a-adc/EECS-C106A-Final-Project/build/planning/build/lib/planning
[5.148s] running install
[5.151s] running install_lib
[5.239s] running install_data
[5.240s] copying resource/planning -> /home/cc/ee106a/fa25/class/ee106a-adc/EECS-C106A-Final-Project/install/planning/share/ament_index/resource_index/packages
[5.244s] copying package.xml -> /home/cc/ee106a/fa25/class/ee106a-adc/EECS-C106A-Final-Project/install/planning/share/planning
[5.250s] copying launch/test_bringup.launch.py -> /home/cc/ee106a/fa25/class/ee106a-adc/EECS-C106A-Final-Project/install/planning/share/planning/launch
[5.254s] copying launch/catch_bringup.launch.py -> /home/cc/ee106a/fa25/class/ee106a-adc/EECS-C106A-Final-Project/install/planning/share/planning/launch
[5.260s] running install_egg_info
[5.349s] removing '/home/cc/ee106a/fa25/class/ee106a-adc/EECS-C106A-Final-Project/install/planning/lib/python3.10/site-packages/planning-0.0.0-py3.10.egg-info' (and everything under it)
[5.356s] Copying ../../build/planning/planning.egg-info to /home/cc/ee106a/fa25/class/ee106a-adc/EECS-C106A-Final-Project/install/planning/lib/python3.10/site-packages/planning-0.0.0-py3.10.egg-info
[5.395s] running install_scripts
[5.769s] Installing ik script to /home/cc/ee106a/fa25/class/ee106a-adc/EECS-C106A-Final-Project/install/planning/lib/planning
[5.773s] Installing main script to /home/cc/ee106a/fa25/class/ee106a-adc/EECS-C106A-Final-Project/install/planning/lib/planning
[5.775s] Installing sim script to /home/cc/ee106a/fa25/class/ee106a-adc/EECS-C106A-Final-Project/install/planning/lib/planning
[5.778s] Installing test script to /home/cc/ee106a/fa25/class/ee106a-adc/EECS-C106A-Final-Project/install/planning/lib/planning
[5.781s] Installing tf script to /home/cc/ee106a/fa25/class/ee106a-adc/EECS-C106A-Final-Project/install/planning/lib/planning
[5.784s] Installing transform_cube_pose script to /home/cc/ee106a/fa25/class/ee106a-adc/EECS-C106A-Final-Project/install/planning/lib/planning
[5.788s] writing list of installed files to '/home/cc/ee106a/fa25/class/ee106a-adc/EECS-C106A-Final-Project/build/planning/install.log'
[5.891s] Invoked command in '/home/cc/ee106a/fa25/class/ee106a-adc/EECS-C106A-Final-Project/src/planning' returned '0': PYTHONPATH=/home/cc/ee106a/fa25/class/ee106a-adc/EECS-C106A-Final-Project/build/planning/prefix_override:/home/cc/ee106a/fa25/class/ee106a-adc/.local/lib/python3.10/site-packages/colcon_core/task/python/colcon_distutils_commands:/home/cc/ee106a/fa25/class/ee106a-adc/EECS-C106A-Final-Project/install/planning/lib/python3.10/site-packages:${PYTHONPATH} /usr/bin/python3 -W ignore:setup.py install is deprecated -W ignore:easy_install command is deprecated setup.py egg_info --egg-base ../../build/planning build --build-base /home/cc/ee106a/fa25/class/ee106a-adc/EECS-C106A-Final-Project/build/planning/build install --record /home/cc/ee106a/fa25/class/ee106a-adc/EECS-C106A-Final-Project/build/planning/install.log --single-version-externally-managed install_data
