[3.539s] Invoking command in '/home/cc/ee106a/fa25/class/ee106a-adc/EECS-C106A-Final-Project/src/planning': PYTHONPATH=/home/cc/ee106a/fa25/class/ee106a-adc/EECS-C106A-Final-Project/build/planning/prefix_override:/home/cc/ee106a/fa25/class/ee106a-adc/.local/lib/python3.10/site-packages/colcon_core/task/python/colcon_distutils_commands:/home/cc/ee106a/fa25/class/ee106a-adc/EECS-C106A-Final-Project/install/planning/lib/python3.10/site-packages:${PYTHONPATH} /usr/bin/python3 -W ignore:setup.py install is deprecated -W ignore:easy_install command is deprecated setup.py egg_info --egg-base ../../build/planning build --build-base /home/cc/ee106a/fa25/class/ee106a-adc/EECS-C106A-Final-Project/build/planning/build install --record /home/cc/ee106a/fa25/class/ee106a-adc/EECS-C106A-Final-Project/build/planning/install.log --single-version-externally-managed install_data
[3.929s] /home/cc/ee106a/fa25/class/ee106a-adc/.local/lib/python3.10/site-packages/setuptools/_distutils/dist.py:289: UserWarning: Unknown distribution option: 'tests_require'
[3.929s]   warnings.warn(msg)
[4.326s] running egg_info
[4.395s] writing ../../build/planning/planning.egg-info/PKG-INFO
[4.401s] writing dependency_links to ../../build/planning/planning.egg-info/dependency_links.txt
[4.404s] writing entry points to ../../build/planning/planning.egg-info/entry_points.txt
[4.408s] writing requirements to ../../build/planning/planning.egg-info/requires.txt
[4.410s] writing top-level names to ../../build/planning/planning.egg-info/top_level.txt
[4.532s] reading manifest file '../../build/planning/planning.egg-info/SOURCES.txt'
[4.537s] writing manifest file '../../build/planning/planning.egg-info/SOURCES.txt'
[4.539s] running build
[4.539s] running build_py
[4.540s] copying planning/__init__.py -> /home/cc/ee106a/fa25/class/ee106a-adc/EECS-C106A-Final-Project/build/planning/build/lib/planning
[4.544s] copying planning/ik.py -> /home/cc/ee106a/fa25/class/ee106a-adc/EECS-C106A-Final-Project/build/planning/build/lib/planning
[4.549s] copying planning/main.py -> /home/cc/ee106a/fa25/class/ee106a-adc/EECS-C106A-Final-Project/build/planning/build/lib/planning
[4.553s] copying planning/oneshot_gen_traj.py -> /home/cc/ee106a/fa25/class/ee106a-adc/EECS-C106A-Final-Project/build/planning/build/lib/planning
[4.558s] copying planning/sim.py -> /home/cc/ee106a/fa25/class/ee106a-adc/EECS-C106A-Final-Project/build/planning/build/lib/planning
[4.563s] copying planning/static_tf_transform.py -> /home/cc/ee106a/fa25/class/ee106a-adc/EECS-C106A-Final-Project/build/planning/build/lib/planning
[4.568s] copying planning/test_launch.py -> /home/cc/ee106a/fa25/class/ee106a-adc/EECS-C106A-Final-Project/build/planning/build/lib/planning
[4.572s] copying planning/transform_ball_pose.py -> /home/cc/ee106a/fa25/class/ee106a-adc/EECS-C106A-Final-Project/build/planning/build/lib/planning
[4.577s] copying planning/world.py -> /home/cc/ee106a/fa25/class/ee106a-adc/EECS-C106A-Final-Project/build/planning/build/lib/planning
[4.582s] copying planning/load_urdf.py -> /home/cc/ee106a/fa25/class/ee106a-adc/EECS-C106A-Final-Project/build/planning/build/lib/planning
[4.588s] running install
[4.591s] running install_lib
[4.662s] copying /home/cc/ee106a/fa25/class/ee106a-adc/EECS-C106A-Final-Project/build/planning/build/lib/planning/world.py -> /home/cc/ee106a/fa25/class/ee106a-adc/EECS-C106A-Final-Project/install/planning/lib/python3.10/site-packages/planning
[4.668s] byte-compiling /home/cc/ee106a/fa25/class/ee106a-adc/EECS-C106A-Final-Project/install/planning/lib/python3.10/site-packages/planning/world.py to world.cpython-310.pyc
[4.677s] running install_data
[4.679s] copying resource/planning -> /home/cc/ee106a/fa25/class/ee106a-adc/EECS-C106A-Final-Project/install/planning/share/ament_index/resource_index/packages
[4.685s] copying package.xml -> /home/cc/ee106a/fa25/class/ee106a-adc/EECS-C106A-Final-Project/install/planning/share/planning
[4.690s] copying launch/test_bringup.launch.py -> /home/cc/ee106a/fa25/class/ee106a-adc/EECS-C106A-Final-Project/install/planning/share/planning/launch
[4.697s] copying launch/catch_bringup.launch.py -> /home/cc/ee106a/fa25/class/ee106a-adc/EECS-C106A-Final-Project/install/planning/share/planning/launch
[4.702s] running install_egg_info
[4.793s] removing '/home/cc/ee106a/fa25/class/ee106a-adc/EECS-C106A-Final-Project/install/planning/lib/python3.10/site-packages/planning-0.0.0-py3.10.egg-info' (and everything under it)
[4.800s] Copying ../../build/planning/planning.egg-info to /home/cc/ee106a/fa25/class/ee106a-adc/EECS-C106A-Final-Project/install/planning/lib/python3.10/site-packages/planning-0.0.0-py3.10.egg-info
[4.841s] running install_scripts
[5.218s] Installing ik script to /home/cc/ee106a/fa25/class/ee106a-adc/EECS-C106A-Final-Project/install/planning/lib/planning
[5.221s] Installing main script to /home/cc/ee106a/fa25/class/ee106a-adc/EECS-C106A-Final-Project/install/planning/lib/planning
[5.223s] Installing sim script to /home/cc/ee106a/fa25/class/ee106a-adc/EECS-C106A-Final-Project/install/planning/lib/planning
[5.226s] Installing test script to /home/cc/ee106a/fa25/class/ee106a-adc/EECS-C106A-Final-Project/install/planning/lib/planning
[5.229s] Installing tf script to /home/cc/ee106a/fa25/class/ee106a-adc/EECS-C106A-Final-Project/install/planning/lib/planning
[5.232s] Installing transform_cube_pose script to /home/cc/ee106a/fa25/class/ee106a-adc/EECS-C106A-Final-Project/install/planning/lib/planning
[5.235s] writing list of installed files to '/home/cc/ee106a/fa25/class/ee106a-adc/EECS-C106A-Final-Project/build/planning/install.log'
[5.264s] Invoked command in '/home/cc/ee106a/fa25/class/ee106a-adc/EECS-C106A-Final-Project/src/planning' returned '0': PYTHONPATH=/home/cc/ee106a/fa25/class/ee106a-adc/EECS-C106A-Final-Project/build/planning/prefix_override:/home/cc/ee106a/fa25/class/ee106a-adc/.local/lib/python3.10/site-packages/colcon_core/task/python/colcon_distutils_commands:/home/cc/ee106a/fa25/class/ee106a-adc/EECS-C106A-Final-Project/install/planning/lib/python3.10/site-packages:${PYTHONPATH} /usr/bin/python3 -W ignore:setup.py install is deprecated -W ignore:easy_install command is deprecated setup.py egg_info --egg-base ../../build/planning build --build-base /home/cc/ee106a/fa25/class/ee106a-adc/EECS-C106A-Final-Project/build/planning/build install --record /home/cc/ee106a/fa25/class/ee106a-adc/EECS-C106A-Final-Project/build/planning/install.log --single-version-externally-managed install_data
