[0.284s] DEBUG:colcon:Command line arguments: ['/usr/bin/colcon', 'build']
[0.284s] DEBUG:colcon:Parsed command line arguments: Namespace(log_base=None, log_level=None, verb_name='build', build_base='build', install_base='install', merge_install=False, symlink_install=False, test_result_base=None, continue_on_error=False, executor='parallel', parallel_workers=32, event_handlers=None, ignore_user_meta=False, metas=['./colcon.meta'], base_paths=['.'], packages_ignore=None, packages_ignore_regex=None, paths=None, packages_up_to=None, packages_up_to_regex=None, packages_above=None, packages_above_and_dependencies=None, packages_above_depth=None, packages_select_by_dep=None, packages_skip_by_dep=None, packages_skip_up_to=None, packages_select_build_failed=False, packages_skip_build_finished=False, packages_select_test_failures=False, packages_skip_test_passed=False, packages_select=None, packages_skip=None, packages_select_regex=None, packages_skip_regex=None, packages_start=None, packages_end=None, cmake_args=None, cmake_target=None, cmake_target_skip_unavailable=False, cmake_clean_cache=False, cmake_clean_first=False, cmake_force_configure=False, ament_cmake_args=None, catkin_cmake_args=None, catkin_skip_building_tests=False, mixin_files=None, mixin=None, verb_parser=<colcon_mixin.mixin.mixin_argument.MixinArgumentDecorator object at 0x78ea464bfc70>, verb_extension=<colcon_core.verb.build.BuildVerb object at 0x78ea466011e0>, main=<bound method BuildVerb.main of <colcon_core.verb.build.BuildVerb object at 0x78ea466011e0>>, mixin_verb=('build',))
[0.440s] Level 1:colcon.colcon_core.package_discovery:discover_packages(colcon_meta) check parameters
[0.440s] Level 1:colcon.colcon_core.package_discovery:discover_packages(recursive) check parameters
[0.441s] Level 1:colcon.colcon_core.package_discovery:discover_packages(ignore) check parameters
[0.441s] Level 1:colcon.colcon_core.package_discovery:discover_packages(path) check parameters
[0.441s] Level 1:colcon.colcon_core.package_discovery:discover_packages(colcon_meta) discover
[0.442s] Level 1:colcon.colcon_core.package_discovery:discover_packages(recursive) discover
[0.442s] INFO:colcon.colcon_core.package_discovery:Crawling recursively for packages in '/home/cc/ee106a/fa25/class/ee106a-adc/EECS-C106A-Final-Project'
[0.442s] Level 1:colcon.colcon_core.package_identification:_identify(.) by extensions ['ignore', 'ignore_ament_install']
[0.442s] Level 1:colcon.colcon_core.package_identification:_identify(.) by extension 'ignore'
[0.442s] Level 1:colcon.colcon_core.package_identification:_identify(.) by extension 'ignore_ament_install'
[0.443s] Level 1:colcon.colcon_core.package_identification:_identify(.) by extensions ['colcon_pkg']
[0.443s] Level 1:colcon.colcon_core.package_identification:_identify(.) by extension 'colcon_pkg'
[0.443s] Level 1:colcon.colcon_core.package_identification:_identify(.) by extensions ['colcon_meta']
[0.444s] Level 1:colcon.colcon_core.package_identification:_identify(.) by extension 'colcon_meta'
[0.444s] Level 1:colcon.colcon_core.package_identification:_identify(.) by extensions ['ros']
[0.444s] Level 1:colcon.colcon_core.package_identification:_identify(.) by extension 'ros'
[0.458s] Level 1:colcon.colcon_core.package_identification:_identify(.) by extensions ['cmake', 'python']
[0.458s] Level 1:colcon.colcon_core.package_identification:_identify(.) by extension 'cmake'
[0.458s] Level 1:colcon.colcon_core.package_identification:_identify(.) by extension 'python'
[0.458s] Level 1:colcon.colcon_core.package_identification:_identify(.) by extensions ['python_setup_py']
[0.458s] Level 1:colcon.colcon_core.package_identification:_identify(.) by extension 'python_setup_py'
[0.459s] Level 1:colcon.colcon_core.package_identification:_identify(build) by extensions ['ignore', 'ignore_ament_install']
[0.459s] Level 1:colcon.colcon_core.package_identification:_identify(build) by extension 'ignore'
[0.460s] Level 1:colcon.colcon_core.package_identification:_identify(build) ignored
[0.461s] Level 1:colcon.colcon_core.package_identification:_identify(install) by extensions ['ignore', 'ignore_ament_install']
[0.461s] Level 1:colcon.colcon_core.package_identification:_identify(install) by extension 'ignore'
[0.461s] Level 1:colcon.colcon_core.package_identification:_identify(install) ignored
[0.463s] Level 1:colcon.colcon_core.package_identification:_identify(log) by extensions ['ignore', 'ignore_ament_install']
[0.463s] Level 1:colcon.colcon_core.package_identification:_identify(log) by extension 'ignore'
[0.463s] Level 1:colcon.colcon_core.package_identification:_identify(log) ignored
[0.464s] Level 1:colcon.colcon_core.package_identification:_identify(src) by extensions ['ignore', 'ignore_ament_install']
[0.464s] Level 1:colcon.colcon_core.package_identification:_identify(src) by extension 'ignore'
[0.464s] Level 1:colcon.colcon_core.package_identification:_identify(src) by extension 'ignore_ament_install'
[0.464s] Level 1:colcon.colcon_core.package_identification:_identify(src) by extensions ['colcon_pkg']
[0.465s] Level 1:colcon.colcon_core.package_identification:_identify(src) by extension 'colcon_pkg'
[0.465s] Level 1:colcon.colcon_core.package_identification:_identify(src) by extensions ['colcon_meta']
[0.465s] Level 1:colcon.colcon_core.package_identification:_identify(src) by extension 'colcon_meta'
[0.465s] Level 1:colcon.colcon_core.package_identification:_identify(src) by extensions ['ros']
[0.465s] Level 1:colcon.colcon_core.package_identification:_identify(src) by extension 'ros'
[0.465s] Level 1:colcon.colcon_core.package_identification:_identify(src) by extensions ['cmake', 'python']
[0.466s] Level 1:colcon.colcon_core.package_identification:_identify(src) by extension 'cmake'
[0.466s] Level 1:colcon.colcon_core.package_identification:_identify(src) by extension 'python'
[0.466s] Level 1:colcon.colcon_core.package_identification:_identify(src) by extensions ['python_setup_py']
[0.466s] Level 1:colcon.colcon_core.package_identification:_identify(src) by extension 'python_setup_py'
[0.467s] Level 1:colcon.colcon_core.package_identification:_identify(src/perception) by extensions ['ignore', 'ignore_ament_install']
[0.467s] Level 1:colcon.colcon_core.package_identification:_identify(src/perception) by extension 'ignore'
[0.467s] Level 1:colcon.colcon_core.package_identification:_identify(src/perception) by extension 'ignore_ament_install'
[0.468s] Level 1:colcon.colcon_core.package_identification:_identify(src/perception) by extensions ['colcon_pkg']
[0.468s] Level 1:colcon.colcon_core.package_identification:_identify(src/perception) by extension 'colcon_pkg'
[0.468s] Level 1:colcon.colcon_core.package_identification:_identify(src/perception) by extensions ['colcon_meta']
[0.469s] Level 1:colcon.colcon_core.package_identification:_identify(src/perception) by extension 'colcon_meta'
[0.469s] Level 1:colcon.colcon_core.package_identification:_identify(src/perception) by extensions ['ros']
[0.469s] Level 1:colcon.colcon_core.package_identification:_identify(src/perception) by extension 'ros'
[0.472s] DEBUG:colcon.colcon_core.package_identification:Package 'src/perception' with type 'ros.ament_python' and name 'perception'
[0.472s] Level 1:colcon.colcon_core.package_identification:_identify(src/planning) by extensions ['ignore', 'ignore_ament_install']
[0.473s] Level 1:colcon.colcon_core.package_identification:_identify(src/planning) by extension 'ignore'
[0.473s] Level 1:colcon.colcon_core.package_identification:_identify(src/planning) by extension 'ignore_ament_install'
[0.474s] Level 1:colcon.colcon_core.package_identification:_identify(src/planning) by extensions ['colcon_pkg']
[0.474s] Level 1:colcon.colcon_core.package_identification:_identify(src/planning) by extension 'colcon_pkg'
[0.474s] Level 1:colcon.colcon_core.package_identification:_identify(src/planning) by extensions ['colcon_meta']
[0.475s] Level 1:colcon.colcon_core.package_identification:_identify(src/planning) by extension 'colcon_meta'
[0.475s] Level 1:colcon.colcon_core.package_identification:_identify(src/planning) by extensions ['ros']
[0.475s] Level 1:colcon.colcon_core.package_identification:_identify(src/planning) by extension 'ros'
[0.476s] DEBUG:colcon.colcon_core.package_identification:Package 'src/planning' with type 'ros.ament_python' and name 'planning'
[0.477s] Level 1:colcon.colcon_core.package_identification:_identify(src/ros2_aruco) by extensions ['ignore', 'ignore_ament_install']
[0.477s] Level 1:colcon.colcon_core.package_identification:_identify(src/ros2_aruco) by extension 'ignore'
[0.477s] Level 1:colcon.colcon_core.package_identification:_identify(src/ros2_aruco) by extension 'ignore_ament_install'
[0.478s] Level 1:colcon.colcon_core.package_identification:_identify(src/ros2_aruco) by extensions ['colcon_pkg']
[0.478s] Level 1:colcon.colcon_core.package_identification:_identify(src/ros2_aruco) by extension 'colcon_pkg'
[0.478s] Level 1:colcon.colcon_core.package_identification:_identify(src/ros2_aruco) by extensions ['colcon_meta']
[0.479s] Level 1:colcon.colcon_core.package_identification:_identify(src/ros2_aruco) by extension 'colcon_meta'
[0.479s] Level 1:colcon.colcon_core.package_identification:_identify(src/ros2_aruco) by extensions ['ros']
[0.479s] Level 1:colcon.colcon_core.package_identification:_identify(src/ros2_aruco) by extension 'ros'
[0.479s] Level 1:colcon.colcon_core.package_identification:_identify(src/ros2_aruco) by extensions ['cmake', 'python']
[0.479s] Level 1:colcon.colcon_core.package_identification:_identify(src/ros2_aruco) by extension 'cmake'
[0.479s] Level 1:colcon.colcon_core.package_identification:_identify(src/ros2_aruco) by extension 'python'
[0.480s] Level 1:colcon.colcon_core.package_identification:_identify(src/ros2_aruco) by extensions ['python_setup_py']
[0.480s] Level 1:colcon.colcon_core.package_identification:_identify(src/ros2_aruco) by extension 'python_setup_py'
[0.481s] Level 1:colcon.colcon_core.package_identification:_identify(src/ros2_aruco/ros2_aruco) by extensions ['ignore', 'ignore_ament_install']
[0.481s] Level 1:colcon.colcon_core.package_identification:_identify(src/ros2_aruco/ros2_aruco) by extension 'ignore'
[0.481s] Level 1:colcon.colcon_core.package_identification:_identify(src/ros2_aruco/ros2_aruco) by extension 'ignore_ament_install'
[0.482s] Level 1:colcon.colcon_core.package_identification:_identify(src/ros2_aruco/ros2_aruco) by extensions ['colcon_pkg']
[0.482s] Level 1:colcon.colcon_core.package_identification:_identify(src/ros2_aruco/ros2_aruco) by extension 'colcon_pkg'
[0.482s] Level 1:colcon.colcon_core.package_identification:_identify(src/ros2_aruco/ros2_aruco) by extensions ['colcon_meta']
[0.483s] Level 1:colcon.colcon_core.package_identification:_identify(src/ros2_aruco/ros2_aruco) by extension 'colcon_meta'
[0.483s] Level 1:colcon.colcon_core.package_identification:_identify(src/ros2_aruco/ros2_aruco) by extensions ['ros']
[0.483s] Level 1:colcon.colcon_core.package_identification:_identify(src/ros2_aruco/ros2_aruco) by extension 'ros'
[0.485s] DEBUG:colcon.colcon_core.package_identification:Package 'src/ros2_aruco/ros2_aruco' with type 'ros.ament_python' and name 'ros2_aruco'
[0.485s] Level 1:colcon.colcon_core.package_identification:_identify(src/ros2_aruco/ros2_aruco_interfaces) by extensions ['ignore', 'ignore_ament_install']
[0.486s] Level 1:colcon.colcon_core.package_identification:_identify(src/ros2_aruco/ros2_aruco_interfaces) by extension 'ignore'
[0.486s] Level 1:colcon.colcon_core.package_identification:_identify(src/ros2_aruco/ros2_aruco_interfaces) by extension 'ignore_ament_install'
[0.486s] Level 1:colcon.colcon_core.package_identification:_identify(src/ros2_aruco/ros2_aruco_interfaces) by extensions ['colcon_pkg']
[0.486s] Level 1:colcon.colcon_core.package_identification:_identify(src/ros2_aruco/ros2_aruco_interfaces) by extension 'colcon_pkg'
[0.486s] Level 1:colcon.colcon_core.package_identification:_identify(src/ros2_aruco/ros2_aruco_interfaces) by extensions ['colcon_meta']
[0.487s] Level 1:colcon.colcon_core.package_identification:_identify(src/ros2_aruco/ros2_aruco_interfaces) by extension 'colcon_meta'
[0.487s] Level 1:colcon.colcon_core.package_identification:_identify(src/ros2_aruco/ros2_aruco_interfaces) by extensions ['ros']
[0.487s] Level 1:colcon.colcon_core.package_identification:_identify(src/ros2_aruco/ros2_aruco_interfaces) by extension 'ros'
[0.490s] DEBUG:colcon.colcon_core.package_identification:Package 'src/ros2_aruco/ros2_aruco_interfaces' with type 'ros.ament_cmake' and name 'ros2_aruco_interfaces'
[0.490s] Level 1:colcon.colcon_core.package_discovery:discover_packages(recursive) using defaults
[0.490s] Level 1:colcon.colcon_core.package_discovery:discover_packages(ignore) discover
[0.490s] Level 1:colcon.colcon_core.package_discovery:discover_packages(ignore) using defaults
[0.490s] Level 1:colcon.colcon_core.package_discovery:discover_packages(path) discover
[0.490s] Level 1:colcon.colcon_core.package_discovery:discover_packages(path) using defaults
[0.516s] Level 5:colcon.colcon_core.verb:set package 'perception' build argument 'cmake_args' from command line to 'None'
[0.516s] Level 5:colcon.colcon_core.verb:set package 'perception' build argument 'cmake_target' from command line to 'None'
[0.516s] Level 5:colcon.colcon_core.verb:set package 'perception' build argument 'cmake_target_skip_unavailable' from command line to 'False'
[0.516s] Level 5:colcon.colcon_core.verb:set package 'perception' build argument 'cmake_clean_cache' from command line to 'False'
[0.516s] Level 5:colcon.colcon_core.verb:set package 'perception' build argument 'cmake_clean_first' from command line to 'False'
[0.517s] Level 5:colcon.colcon_core.verb:set package 'perception' build argument 'cmake_force_configure' from command line to 'False'
[0.517s] Level 5:colcon.colcon_core.verb:set package 'perception' build argument 'ament_cmake_args' from command line to 'None'
[0.517s] Level 5:colcon.colcon_core.verb:set package 'perception' build argument 'catkin_cmake_args' from command line to 'None'
[0.517s] Level 5:colcon.colcon_core.verb:set package 'perception' build argument 'catkin_skip_building_tests' from command line to 'False'
[0.517s] DEBUG:colcon.colcon_core.verb:Building package 'perception' with the following arguments: {'ament_cmake_args': None, 'build_base': '/home/cc/ee106a/fa25/class/ee106a-adc/EECS-C106A-Final-Project/build/perception', 'catkin_cmake_args': None, 'catkin_skip_building_tests': False, 'cmake_args': None, 'cmake_clean_cache': False, 'cmake_clean_first': False, 'cmake_force_configure': False, 'cmake_target': None, 'cmake_target_skip_unavailable': False, 'install_base': '/home/cc/ee106a/fa25/class/ee106a-adc/EECS-C106A-Final-Project/install/perception', 'merge_install': False, 'path': '/home/cc/ee106a/fa25/class/ee106a-adc/EECS-C106A-Final-Project/src/perception', 'symlink_install': False, 'test_result_base': None}
[0.518s] Level 5:colcon.colcon_core.verb:set package 'planning' build argument 'cmake_args' from command line to 'None'
[0.518s] Level 5:colcon.colcon_core.verb:set package 'planning' build argument 'cmake_target' from command line to 'None'
[0.518s] Level 5:colcon.colcon_core.verb:set package 'planning' build argument 'cmake_target_skip_unavailable' from command line to 'False'
[0.518s] Level 5:colcon.colcon_core.verb:set package 'planning' build argument 'cmake_clean_cache' from command line to 'False'
[0.518s] Level 5:colcon.colcon_core.verb:set package 'planning' build argument 'cmake_clean_first' from command line to 'False'
[0.518s] Level 5:colcon.colcon_core.verb:set package 'planning' build argument 'cmake_force_configure' from command line to 'False'
[0.519s] Level 5:colcon.colcon_core.verb:set package 'planning' build argument 'ament_cmake_args' from command line to 'None'
[0.519s] Level 5:colcon.colcon_core.verb:set package 'planning' build argument 'catkin_cmake_args' from command line to 'None'
[0.519s] Level 5:colcon.colcon_core.verb:set package 'planning' build argument 'catkin_skip_building_tests' from command line to 'False'
[0.519s] DEBUG:colcon.colcon_core.verb:Building package 'planning' with the following arguments: {'ament_cmake_args': None, 'build_base': '/home/cc/ee106a/fa25/class/ee106a-adc/EECS-C106A-Final-Project/build/planning', 'catkin_cmake_args': None, 'catkin_skip_building_tests': False, 'cmake_args': None, 'cmake_clean_cache': False, 'cmake_clean_first': False, 'cmake_force_configure': False, 'cmake_target': None, 'cmake_target_skip_unavailable': False, 'install_base': '/home/cc/ee106a/fa25/class/ee106a-adc/EECS-C106A-Final-Project/install/planning', 'merge_install': False, 'path': '/home/cc/ee106a/fa25/class/ee106a-adc/EECS-C106A-Final-Project/src/planning', 'symlink_install': False, 'test_result_base': None}
[0.519s] Level 5:colcon.colcon_core.verb:set package 'ros2_aruco' build argument 'cmake_args' from command line to 'None'
[0.520s] Level 5:colcon.colcon_core.verb:set package 'ros2_aruco' build argument 'cmake_target' from command line to 'None'
[0.520s] Level 5:colcon.colcon_core.verb:set package 'ros2_aruco' build argument 'cmake_target_skip_unavailable' from command line to 'False'
[0.520s] Level 5:colcon.colcon_core.verb:set package 'ros2_aruco' build argument 'cmake_clean_cache' from command line to 'False'
[0.520s] Level 5:colcon.colcon_core.verb:set package 'ros2_aruco' build argument 'cmake_clean_first' from command line to 'False'
[0.520s] Level 5:colcon.colcon_core.verb:set package 'ros2_aruco' build argument 'cmake_force_configure' from command line to 'False'
[0.521s] Level 5:colcon.colcon_core.verb:set package 'ros2_aruco' build argument 'ament_cmake_args' from command line to 'None'
[0.521s] Level 5:colcon.colcon_core.verb:set package 'ros2_aruco' build argument 'catkin_cmake_args' from command line to 'None'
[0.521s] Level 5:colcon.colcon_core.verb:set package 'ros2_aruco' build argument 'catkin_skip_building_tests' from command line to 'False'
[0.521s] DEBUG:colcon.colcon_core.verb:Building package 'ros2_aruco' with the following arguments: {'ament_cmake_args': None, 'build_base': '/home/cc/ee106a/fa25/class/ee106a-adc/EECS-C106A-Final-Project/build/ros2_aruco', 'catkin_cmake_args': None, 'catkin_skip_building_tests': False, 'cmake_args': None, 'cmake_clean_cache': False, 'cmake_clean_first': False, 'cmake_force_configure': False, 'cmake_target': None, 'cmake_target_skip_unavailable': False, 'install_base': '/home/cc/ee106a/fa25/class/ee106a-adc/EECS-C106A-Final-Project/install/ros2_aruco', 'merge_install': False, 'path': '/home/cc/ee106a/fa25/class/ee106a-adc/EECS-C106A-Final-Project/src/ros2_aruco/ros2_aruco', 'symlink_install': False, 'test_result_base': None}
[0.521s] Level 5:colcon.colcon_core.verb:set package 'ros2_aruco_interfaces' build argument 'cmake_args' from command line to 'None'
[0.521s] Level 5:colcon.colcon_core.verb:set package 'ros2_aruco_interfaces' build argument 'cmake_target' from command line to 'None'
[0.521s] Level 5:colcon.colcon_core.verb:set package 'ros2_aruco_interfaces' build argument 'cmake_target_skip_unavailable' from command line to 'False'
[0.522s] Level 5:colcon.colcon_core.verb:set package 'ros2_aruco_interfaces' build argument 'cmake_clean_cache' from command line to 'False'
[0.522s] Level 5:colcon.colcon_core.verb:set package 'ros2_aruco_interfaces' build argument 'cmake_clean_first' from command line to 'False'
[0.522s] Level 5:colcon.colcon_core.verb:set package 'ros2_aruco_interfaces' build argument 'cmake_force_configure' from command line to 'False'
[0.522s] Level 5:colcon.colcon_core.verb:set package 'ros2_aruco_interfaces' build argument 'ament_cmake_args' from command line to 'None'
[0.522s] Level 5:colcon.colcon_core.verb:set package 'ros2_aruco_interfaces' build argument 'catkin_cmake_args' from command line to 'None'
[0.522s] Level 5:colcon.colcon_core.verb:set package 'ros2_aruco_interfaces' build argument 'catkin_skip_building_tests' from command line to 'False'
[0.523s] DEBUG:colcon.colcon_core.verb:Building package 'ros2_aruco_interfaces' with the following arguments: {'ament_cmake_args': None, 'build_base': '/home/cc/ee106a/fa25/class/ee106a-adc/EECS-C106A-Final-Project/build/ros2_aruco_interfaces', 'catkin_cmake_args': None, 'catkin_skip_building_tests': False, 'cmake_args': None, 'cmake_clean_cache': False, 'cmake_clean_first': False, 'cmake_force_configure': False, 'cmake_target': None, 'cmake_target_skip_unavailable': False, 'install_base': '/home/cc/ee106a/fa25/class/ee106a-adc/EECS-C106A-Final-Project/install/ros2_aruco_interfaces', 'merge_install': False, 'path': '/home/cc/ee106a/fa25/class/ee106a-adc/EECS-C106A-Final-Project/src/ros2_aruco/ros2_aruco_interfaces', 'symlink_install': False, 'test_result_base': None}
[0.523s] INFO:colcon.colcon_core.executor:Executing jobs using 'parallel' executor
[0.524s] DEBUG:colcon.colcon_parallel_executor.executor.parallel:run_until_complete
[0.524s] INFO:colcon.colcon_ros.task.ament_python.build:Building ROS package in '/home/cc/ee106a/fa25/class/ee106a-adc/EECS-C106A-Final-Project/src/perception' with build type 'ament_python'
[0.524s] Level 1:colcon.colcon_core.shell:create_environment_hook('perception', 'ament_prefix_path')
[0.529s] INFO:colcon.colcon_core.plugin_system:Skipping extension 'colcon_core.shell.bat': Not used on non-Windows systems
[0.530s] INFO:colcon.colcon_core.shell:Creating environment hook '/home/cc/ee106a/fa25/class/ee106a-adc/EECS-C106A-Final-Project/install/perception/share/perception/hook/ament_prefix_path.ps1'
[0.533s] INFO:colcon.colcon_core.shell:Creating environment descriptor '/home/cc/ee106a/fa25/class/ee106a-adc/EECS-C106A-Final-Project/install/perception/share/perception/hook/ament_prefix_path.dsv'
[0.535s] INFO:colcon.colcon_core.shell:Creating environment hook '/home/cc/ee106a/fa25/class/ee106a-adc/EECS-C106A-Final-Project/install/perception/share/perception/hook/ament_prefix_path.sh'
[0.539s] INFO:colcon.colcon_core.shell:Skip shell extension 'powershell' for command environment: Not usable outside of PowerShell
[0.539s] DEBUG:colcon.colcon_core.shell:Skip shell extension 'dsv' for command environment
[0.569s] INFO:colcon.colcon_ros.task.ament_python.build:Building ROS package in '/home/cc/ee106a/fa25/class/ee106a-adc/EECS-C106A-Final-Project/src/planning' with build type 'ament_python'
[0.569s] Level 1:colcon.colcon_core.shell:create_environment_hook('planning', 'ament_prefix_path')
[0.570s] INFO:colcon.colcon_core.shell:Creating environment hook '/home/cc/ee106a/fa25/class/ee106a-adc/EECS-C106A-Final-Project/install/planning/share/planning/hook/ament_prefix_path.ps1'
[0.573s] INFO:colcon.colcon_core.shell:Creating environment descriptor '/home/cc/ee106a/fa25/class/ee106a-adc/EECS-C106A-Final-Project/install/planning/share/planning/hook/ament_prefix_path.dsv'
[0.576s] INFO:colcon.colcon_core.shell:Creating environment hook '/home/cc/ee106a/fa25/class/ee106a-adc/EECS-C106A-Final-Project/install/planning/share/planning/hook/ament_prefix_path.sh'
[0.580s] INFO:colcon.colcon_core.shell:Skip shell extension 'powershell' for command environment: Not usable outside of PowerShell
[0.580s] DEBUG:colcon.colcon_core.shell:Skip shell extension 'dsv' for command environment
[0.596s] INFO:colcon.colcon_ros.task.ament_python.build:Building ROS package in '/home/cc/ee106a/fa25/class/ee106a-adc/EECS-C106A-Final-Project/src/ros2_aruco/ros2_aruco' with build type 'ament_python'
[0.597s] Level 1:colcon.colcon_core.shell:create_environment_hook('ros2_aruco', 'ament_prefix_path')
[0.598s] INFO:colcon.colcon_core.shell:Creating environment hook '/home/cc/ee106a/fa25/class/ee106a-adc/EECS-C106A-Final-Project/install/ros2_aruco/share/ros2_aruco/hook/ament_prefix_path.ps1'
[0.601s] INFO:colcon.colcon_core.shell:Creating environment descriptor '/home/cc/ee106a/fa25/class/ee106a-adc/EECS-C106A-Final-Project/install/ros2_aruco/share/ros2_aruco/hook/ament_prefix_path.dsv'
[0.605s] INFO:colcon.colcon_core.shell:Creating environment hook '/home/cc/ee106a/fa25/class/ee106a-adc/EECS-C106A-Final-Project/install/ros2_aruco/share/ros2_aruco/hook/ament_prefix_path.sh'
[0.609s] INFO:colcon.colcon_core.shell:Skip shell extension 'powershell' for command environment: Not usable outside of PowerShell
[0.609s] DEBUG:colcon.colcon_core.shell:Skip shell extension 'dsv' for command environment
[0.621s] INFO:colcon.colcon_ros.task.ament_cmake.build:Building ROS package in '/home/cc/ee106a/fa25/class/ee106a-adc/EECS-C106A-Final-Project/src/ros2_aruco/ros2_aruco_interfaces' with build type 'ament_cmake'
[0.621s] INFO:colcon.colcon_cmake.task.cmake.build:Building CMake package in '/home/cc/ee106a/fa25/class/ee106a-adc/EECS-C106A-Final-Project/src/ros2_aruco/ros2_aruco_interfaces'
[0.622s] INFO:colcon.colcon_core.shell:Skip shell extension 'powershell' for command environment: Not usable outside of PowerShell
[0.622s] DEBUG:colcon.colcon_core.shell:Skip shell extension 'dsv' for command environment
[1.035s] INFO:colcon.colcon_core.task.python.build:Building Python package in '/home/cc/ee106a/fa25/class/ee106a-adc/EECS-C106A-Final-Project/src/perception'
[1.035s] INFO:colcon.colcon_core.shell:Skip shell extension 'powershell' for command environment: Not usable outside of PowerShell
[1.035s] DEBUG:colcon.colcon_core.shell:Skip shell extension 'dsv' for command environment
[1.483s] INFO:colcon.colcon_core.task.python.build:Building Python package in '/home/cc/ee106a/fa25/class/ee106a-adc/EECS-C106A-Final-Project/src/planning'
[1.484s] INFO:colcon.colcon_core.shell:Skip shell extension 'powershell' for command environment: Not usable outside of PowerShell
[1.484s] DEBUG:colcon.colcon_core.shell:Skip shell extension 'dsv' for command environment
[1.933s] INFO:colcon.colcon_core.task.python.build:Building Python package in '/home/cc/ee106a/fa25/class/ee106a-adc/EECS-C106A-Final-Project/src/ros2_aruco/ros2_aruco'
[1.933s] INFO:colcon.colcon_core.shell:Skip shell extension 'powershell' for command environment: Not usable outside of PowerShell
[1.933s] DEBUG:colcon.colcon_core.shell:Skip shell extension 'dsv' for command environment
[1.960s] DEBUG:colcon.colcon_core.event_handler.log_command:Invoking command in '/home/cc/ee106a/fa25/class/ee106a-adc/EECS-C106A-Final-Project/build/ros2_aruco_interfaces': CMAKE_PREFIX_PATH=${CMAKE_PREFIX_PATH}:/home/cc/ee106a/fa25/class/ee106a-adc/EECS-C106A-Final-Project/install/ros2_aruco:/home/cc/ee106a/fa25/class/ee106a-adc/EECS-C106A-Final-Project/install/planning:/home/cc/ee106a/fa25/class/ee106a-adc/EECS-C106A-Final-Project/install/perception:/home/ff/ee106a/robot_workspaces/ur/install/ur7e_utils:/opt/ros/humble /usr/bin/cmake --build /home/cc/ee106a/fa25/class/ee106a-adc/EECS-C106A-Final-Project/build/ros2_aruco_interfaces -- -j32 -l32
[3.375s] DEBUG:colcon.colcon_core.event_handler.log_command:Invoked command in '/home/cc/ee106a/fa25/class/ee106a-adc/EECS-C106A-Final-Project/build/ros2_aruco_interfaces' returned '0': CMAKE_PREFIX_PATH=${CMAKE_PREFIX_PATH}:/home/cc/ee106a/fa25/class/ee106a-adc/EECS-C106A-Final-Project/install/ros2_aruco:/home/cc/ee106a/fa25/class/ee106a-adc/EECS-C106A-Final-Project/install/planning:/home/cc/ee106a/fa25/class/ee106a-adc/EECS-C106A-Final-Project/install/perception:/home/ff/ee106a/robot_workspaces/ur/install/ur7e_utils:/opt/ros/humble /usr/bin/cmake --build /home/cc/ee106a/fa25/class/ee106a-adc/EECS-C106A-Final-Project/build/ros2_aruco_interfaces -- -j32 -l32
[3.396s] DEBUG:colcon.colcon_core.event_handler.log_command:Invoking command in '/home/cc/ee106a/fa25/class/ee106a-adc/EECS-C106A-Final-Project/build/ros2_aruco_interfaces': CMAKE_PREFIX_PATH=${CMAKE_PREFIX_PATH}:/home/cc/ee106a/fa25/class/ee106a-adc/EECS-C106A-Final-Project/install/ros2_aruco:/home/cc/ee106a/fa25/class/ee106a-adc/EECS-C106A-Final-Project/install/planning:/home/cc/ee106a/fa25/class/ee106a-adc/EECS-C106A-Final-Project/install/perception:/home/ff/ee106a/robot_workspaces/ur/install/ur7e_utils:/opt/ros/humble /usr/bin/cmake --install /home/cc/ee106a/fa25/class/ee106a-adc/EECS-C106A-Final-Project/build/ros2_aruco_interfaces
[3.772s] Level 1:colcon.colcon_core.environment:create_environment_scripts_only(ros2_aruco_interfaces)
[3.773s] DEBUG:colcon.colcon_core.event_handler.log_command:Invoked command in '/home/cc/ee106a/fa25/class/ee106a-adc/EECS-C106A-Final-Project/build/ros2_aruco_interfaces' returned '0': CMAKE_PREFIX_PATH=${CMAKE_PREFIX_PATH}:/home/cc/ee106a/fa25/class/ee106a-adc/EECS-C106A-Final-Project/install/ros2_aruco:/home/cc/ee106a/fa25/class/ee106a-adc/EECS-C106A-Final-Project/install/planning:/home/cc/ee106a/fa25/class/ee106a-adc/EECS-C106A-Final-Project/install/perception:/home/ff/ee106a/robot_workspaces/ur/install/ur7e_utils:/opt/ros/humble /usr/bin/cmake --install /home/cc/ee106a/fa25/class/ee106a-adc/EECS-C106A-Final-Project/build/ros2_aruco_interfaces
[3.780s] Level 1:colcon.colcon_core.environment:checking '/home/cc/ee106a/fa25/class/ee106a-adc/EECS-C106A-Final-Project/install/ros2_aruco_interfaces' for CMake module files
[3.782s] Level 1:colcon.colcon_core.environment:checking '/home/cc/ee106a/fa25/class/ee106a-adc/EECS-C106A-Final-Project/install/ros2_aruco_interfaces' for CMake config files
[3.786s] Level 1:colcon.colcon_core.shell:create_environment_hook('ros2_aruco_interfaces', 'cmake_prefix_path')
[3.786s] INFO:colcon.colcon_core.shell:Creating environment hook '/home/cc/ee106a/fa25/class/ee106a-adc/EECS-C106A-Final-Project/install/ros2_aruco_interfaces/share/ros2_aruco_interfaces/hook/cmake_prefix_path.ps1'
[3.789s] INFO:colcon.colcon_core.shell:Creating environment descriptor '/home/cc/ee106a/fa25/class/ee106a-adc/EECS-C106A-Final-Project/install/ros2_aruco_interfaces/share/ros2_aruco_interfaces/hook/cmake_prefix_path.dsv'
[3.795s] INFO:colcon.colcon_core.shell:Creating environment hook '/home/cc/ee106a/fa25/class/ee106a-adc/EECS-C106A-Final-Project/install/ros2_aruco_interfaces/share/ros2_aruco_interfaces/hook/cmake_prefix_path.sh'
[3.802s] Level 1:colcon.colcon_core.environment:checking '/home/cc/ee106a/fa25/class/ee106a-adc/EECS-C106A-Final-Project/install/ros2_aruco_interfaces/lib'
[3.802s] Level 1:colcon.colcon_core.shell:create_environment_hook('ros2_aruco_interfaces', 'ld_library_path_lib')
[3.803s] INFO:colcon.colcon_core.shell:Creating environment hook '/home/cc/ee106a/fa25/class/ee106a-adc/EECS-C106A-Final-Project/install/ros2_aruco_interfaces/share/ros2_aruco_interfaces/hook/ld_library_path_lib.ps1'
[3.808s] INFO:colcon.colcon_core.shell:Creating environment descriptor '/home/cc/ee106a/fa25/class/ee106a-adc/EECS-C106A-Final-Project/install/ros2_aruco_interfaces/share/ros2_aruco_interfaces/hook/ld_library_path_lib.dsv'
[3.814s] INFO:colcon.colcon_core.shell:Creating environment hook '/home/cc/ee106a/fa25/class/ee106a-adc/EECS-C106A-Final-Project/install/ros2_aruco_interfaces/share/ros2_aruco_interfaces/hook/ld_library_path_lib.sh'
[3.820s] Level 1:colcon.colcon_core.environment:checking '/home/cc/ee106a/fa25/class/ee106a-adc/EECS-C106A-Final-Project/install/ros2_aruco_interfaces/bin'
[3.821s] Level 1:colcon.colcon_core.environment:checking '/home/cc/ee106a/fa25/class/ee106a-adc/EECS-C106A-Final-Project/install/ros2_aruco_interfaces/lib/pkgconfig/ros2_aruco_interfaces.pc'
[3.821s] Level 1:colcon.colcon_core.environment:checking '/home/cc/ee106a/fa25/class/ee106a-adc/EECS-C106A-Final-Project/install/ros2_aruco_interfaces/lib/python3.10/site-packages'
[3.822s] Level 1:colcon.colcon_core.environment:checking '/home/cc/ee106a/fa25/class/ee106a-adc/EECS-C106A-Final-Project/install/ros2_aruco_interfaces/bin'
[3.823s] INFO:colcon.colcon_core.shell:Creating package script '/home/cc/ee106a/fa25/class/ee106a-adc/EECS-C106A-Final-Project/install/ros2_aruco_interfaces/share/ros2_aruco_interfaces/package.ps1'
[3.827s] INFO:colcon.colcon_core.shell:Creating package descriptor '/home/cc/ee106a/fa25/class/ee106a-adc/EECS-C106A-Final-Project/install/ros2_aruco_interfaces/share/ros2_aruco_interfaces/package.dsv'
[3.832s] INFO:colcon.colcon_core.shell:Creating package script '/home/cc/ee106a/fa25/class/ee106a-adc/EECS-C106A-Final-Project/install/ros2_aruco_interfaces/share/ros2_aruco_interfaces/package.sh'
[3.837s] INFO:colcon.colcon_core.shell:Creating package script '/home/cc/ee106a/fa25/class/ee106a-adc/EECS-C106A-Final-Project/install/ros2_aruco_interfaces/share/ros2_aruco_interfaces/package.bash'
[3.840s] INFO:colcon.colcon_core.shell:Creating package script '/home/cc/ee106a/fa25/class/ee106a-adc/EECS-C106A-Final-Project/install/ros2_aruco_interfaces/share/ros2_aruco_interfaces/package.zsh'
[3.843s] Level 1:colcon.colcon_core.environment:create_file_with_runtime_dependencies(/home/cc/ee106a/fa25/class/ee106a-adc/EECS-C106A-Final-Project/install/ros2_aruco_interfaces/share/colcon-core/packages/ros2_aruco_interfaces)
[3.847s] Level 1:colcon.colcon_core.environment:create_environment_scripts_only(ros2_aruco_interfaces)
[3.847s] Level 1:colcon.colcon_core.environment:checking '/home/cc/ee106a/fa25/class/ee106a-adc/EECS-C106A-Final-Project/install/ros2_aruco_interfaces' for CMake module files
[3.848s] Level 1:colcon.colcon_core.environment:checking '/home/cc/ee106a/fa25/class/ee106a-adc/EECS-C106A-Final-Project/install/ros2_aruco_interfaces' for CMake config files
[3.851s] Level 1:colcon.colcon_core.shell:create_environment_hook('ros2_aruco_interfaces', 'cmake_prefix_path')
[3.852s] INFO:colcon.colcon_core.shell:Creating environment hook '/home/cc/ee106a/fa25/class/ee106a-adc/EECS-C106A-Final-Project/install/ros2_aruco_interfaces/share/ros2_aruco_interfaces/hook/cmake_prefix_path.ps1'
[3.854s] INFO:colcon.colcon_core.shell:Creating environment descriptor '/home/cc/ee106a/fa25/class/ee106a-adc/EECS-C106A-Final-Project/install/ros2_aruco_interfaces/share/ros2_aruco_interfaces/hook/cmake_prefix_path.dsv'
[3.858s] INFO:colcon.colcon_core.shell:Creating environment hook '/home/cc/ee106a/fa25/class/ee106a-adc/EECS-C106A-Final-Project/install/ros2_aruco_interfaces/share/ros2_aruco_interfaces/hook/cmake_prefix_path.sh'
[3.863s] Level 1:colcon.colcon_core.environment:checking '/home/cc/ee106a/fa25/class/ee106a-adc/EECS-C106A-Final-Project/install/ros2_aruco_interfaces/lib'
[3.863s] Level 1:colcon.colcon_core.shell:create_environment_hook('ros2_aruco_interfaces', 'ld_library_path_lib')
[3.863s] INFO:colcon.colcon_core.shell:Creating environment hook '/home/cc/ee106a/fa25/class/ee106a-adc/EECS-C106A-Final-Project/install/ros2_aruco_interfaces/share/ros2_aruco_interfaces/hook/ld_library_path_lib.ps1'
[3.866s] INFO:colcon.colcon_core.shell:Creating environment descriptor '/home/cc/ee106a/fa25/class/ee106a-adc/EECS-C106A-Final-Project/install/ros2_aruco_interfaces/share/ros2_aruco_interfaces/hook/ld_library_path_lib.dsv'
[3.870s] INFO:colcon.colcon_core.shell:Creating environment hook '/home/cc/ee106a/fa25/class/ee106a-adc/EECS-C106A-Final-Project/install/ros2_aruco_interfaces/share/ros2_aruco_interfaces/hook/ld_library_path_lib.sh'
[3.874s] Level 1:colcon.colcon_core.environment:checking '/home/cc/ee106a/fa25/class/ee106a-adc/EECS-C106A-Final-Project/install/ros2_aruco_interfaces/bin'
[3.874s] Level 1:colcon.colcon_core.environment:checking '/home/cc/ee106a/fa25/class/ee106a-adc/EECS-C106A-Final-Project/install/ros2_aruco_interfaces/lib/pkgconfig/ros2_aruco_interfaces.pc'
[3.874s] Level 1:colcon.colcon_core.environment:checking '/home/cc/ee106a/fa25/class/ee106a-adc/EECS-C106A-Final-Project/install/ros2_aruco_interfaces/lib/python3.10/site-packages'
[3.875s] Level 1:colcon.colcon_core.environment:checking '/home/cc/ee106a/fa25/class/ee106a-adc/EECS-C106A-Final-Project/install/ros2_aruco_interfaces/bin'
[3.875s] INFO:colcon.colcon_core.shell:Creating package script '/home/cc/ee106a/fa25/class/ee106a-adc/EECS-C106A-Final-Project/install/ros2_aruco_interfaces/share/ros2_aruco_interfaces/package.ps1'
[3.878s] INFO:colcon.colcon_core.shell:Creating package descriptor '/home/cc/ee106a/fa25/class/ee106a-adc/EECS-C106A-Final-Project/install/ros2_aruco_interfaces/share/ros2_aruco_interfaces/package.dsv'
[3.881s] INFO:colcon.colcon_core.shell:Creating package script '/home/cc/ee106a/fa25/class/ee106a-adc/EECS-C106A-Final-Project/install/ros2_aruco_interfaces/share/ros2_aruco_interfaces/package.sh'
[3.884s] INFO:colcon.colcon_core.shell:Creating package script '/home/cc/ee106a/fa25/class/ee106a-adc/EECS-C106A-Final-Project/install/ros2_aruco_interfaces/share/ros2_aruco_interfaces/package.bash'
[3.886s] INFO:colcon.colcon_core.shell:Creating package script '/home/cc/ee106a/fa25/class/ee106a-adc/EECS-C106A-Final-Project/install/ros2_aruco_interfaces/share/ros2_aruco_interfaces/package.zsh'
[3.888s] Level 1:colcon.colcon_core.environment:create_file_with_runtime_dependencies(/home/cc/ee106a/fa25/class/ee106a-adc/EECS-C106A-Final-Project/install/ros2_aruco_interfaces/share/colcon-core/packages/ros2_aruco_interfaces)
[3.899s] DEBUG:colcon.colcon_core.event_handler.log_command:Invoking command in '/home/cc/ee106a/fa25/class/ee106a-adc/EECS-C106A-Final-Project/src/perception': PYTHONPATH=/home/cc/ee106a/fa25/class/ee106a-adc/EECS-C106A-Final-Project/build/perception/prefix_override:/home/cc/ee106a/fa25/class/ee106a-adc/.local/lib/python3.10/site-packages/colcon_core/task/python/colcon_distutils_commands:/home/cc/ee106a/fa25/class/ee106a-adc/EECS-C106A-Final-Project/install/perception/lib/python3.10/site-packages:${PYTHONPATH} /usr/bin/python3 -W ignore:setup.py install is deprecated -W ignore:easy_install command is deprecated setup.py egg_info --egg-base ../../build/perception build --build-base /home/cc/ee106a/fa25/class/ee106a-adc/EECS-C106A-Final-Project/build/perception/build install --record /home/cc/ee106a/fa25/class/ee106a-adc/EECS-C106A-Final-Project/build/perception/install.log --single-version-externally-managed install_data
[3.909s] DEBUG:colcon.colcon_core.event_handler.log_command:Invoking command in '/home/cc/ee106a/fa25/class/ee106a-adc/EECS-C106A-Final-Project/src/ros2_aruco/ros2_aruco': PYTHONPATH=/home/cc/ee106a/fa25/class/ee106a-adc/EECS-C106A-Final-Project/build/ros2_aruco/prefix_override:/home/cc/ee106a/fa25/class/ee106a-adc/.local/lib/python3.10/site-packages/colcon_core/task/python/colcon_distutils_commands:/home/cc/ee106a/fa25/class/ee106a-adc/EECS-C106A-Final-Project/install/ros2_aruco/lib/python3.10/site-packages:${PYTHONPATH} /usr/bin/python3 -W ignore:setup.py install is deprecated -W ignore:easy_install command is deprecated setup.py egg_info --egg-base ../../../build/ros2_aruco build --build-base /home/cc/ee106a/fa25/class/ee106a-adc/EECS-C106A-Final-Project/build/ros2_aruco/build install --record /home/cc/ee106a/fa25/class/ee106a-adc/EECS-C106A-Final-Project/build/ros2_aruco/install.log --single-version-externally-managed install_data
[3.914s] DEBUG:colcon.colcon_core.event_handler.log_command:Invoking command in '/home/cc/ee106a/fa25/class/ee106a-adc/EECS-C106A-Final-Project/src/planning': PYTHONPATH=/home/cc/ee106a/fa25/class/ee106a-adc/EECS-C106A-Final-Project/build/planning/prefix_override:/home/cc/ee106a/fa25/class/ee106a-adc/.local/lib/python3.10/site-packages/colcon_core/task/python/colcon_distutils_commands:/home/cc/ee106a/fa25/class/ee106a-adc/EECS-C106A-Final-Project/install/planning/lib/python3.10/site-packages:${PYTHONPATH} /usr/bin/python3 -W ignore:setup.py install is deprecated -W ignore:easy_install command is deprecated setup.py egg_info --egg-base ../../build/planning build --build-base /home/cc/ee106a/fa25/class/ee106a-adc/EECS-C106A-Final-Project/build/planning/build install --record /home/cc/ee106a/fa25/class/ee106a-adc/EECS-C106A-Final-Project/build/planning/install.log --single-version-externally-managed install_data
[5.652s] Level 1:colcon.colcon_core.environment:checking '/home/cc/ee106a/fa25/class/ee106a-adc/EECS-C106A-Final-Project/install/perception' for CMake module files
[5.652s] DEBUG:colcon.colcon_core.event_handler.log_command:Invoked command in '/home/cc/ee106a/fa25/class/ee106a-adc/EECS-C106A-Final-Project/src/perception' returned '0': PYTHONPATH=/home/cc/ee106a/fa25/class/ee106a-adc/EECS-C106A-Final-Project/build/perception/prefix_override:/home/cc/ee106a/fa25/class/ee106a-adc/.local/lib/python3.10/site-packages/colcon_core/task/python/colcon_distutils_commands:/home/cc/ee106a/fa25/class/ee106a-adc/EECS-C106A-Final-Project/install/perception/lib/python3.10/site-packages:${PYTHONPATH} /usr/bin/python3 -W ignore:setup.py install is deprecated -W ignore:easy_install command is deprecated setup.py egg_info --egg-base ../../build/perception build --build-base /home/cc/ee106a/fa25/class/ee106a-adc/EECS-C106A-Final-Project/build/perception/build install --record /home/cc/ee106a/fa25/class/ee106a-adc/EECS-C106A-Final-Project/build/perception/install.log --single-version-externally-managed install_data
[5.654s] Level 1:colcon.colcon_core.environment:checking '/home/cc/ee106a/fa25/class/ee106a-adc/EECS-C106A-Final-Project/install/perception' for CMake config files
[5.660s] Level 1:colcon.colcon_core.environment:checking '/home/cc/ee106a/fa25/class/ee106a-adc/EECS-C106A-Final-Project/install/perception/lib'
[5.661s] Level 1:colcon.colcon_core.environment:checking '/home/cc/ee106a/fa25/class/ee106a-adc/EECS-C106A-Final-Project/install/perception/bin'
[5.661s] Level 1:colcon.colcon_core.environment:checking '/home/cc/ee106a/fa25/class/ee106a-adc/EECS-C106A-Final-Project/install/perception/lib/pkgconfig/perception.pc'
[5.662s] Level 1:colcon.colcon_core.environment:checking '/home/cc/ee106a/fa25/class/ee106a-adc/EECS-C106A-Final-Project/install/perception/lib/python3.10/site-packages'
[5.662s] Level 1:colcon.colcon_core.shell:create_environment_hook('perception', 'pythonpath')
[5.662s] INFO:colcon.colcon_core.shell:Creating environment hook '/home/cc/ee106a/fa25/class/ee106a-adc/EECS-C106A-Final-Project/install/perception/share/perception/hook/pythonpath.ps1'
[5.665s] INFO:colcon.colcon_core.shell:Creating environment descriptor '/home/cc/ee106a/fa25/class/ee106a-adc/EECS-C106A-Final-Project/install/perception/share/perception/hook/pythonpath.dsv'
[5.669s] INFO:colcon.colcon_core.shell:Creating environment hook '/home/cc/ee106a/fa25/class/ee106a-adc/EECS-C106A-Final-Project/install/perception/share/perception/hook/pythonpath.sh'
[5.673s] Level 1:colcon.colcon_core.environment:checking '/home/cc/ee106a/fa25/class/ee106a-adc/EECS-C106A-Final-Project/install/perception/bin'
[5.673s] Level 1:colcon.colcon_core.environment:create_environment_scripts_only(perception)
[5.674s] INFO:colcon.colcon_core.shell:Creating package script '/home/cc/ee106a/fa25/class/ee106a-adc/EECS-C106A-Final-Project/install/perception/share/perception/package.ps1'
[6.042s] INFO:colcon.colcon_core.shell:Creating package descriptor '/home/cc/ee106a/fa25/class/ee106a-adc/EECS-C106A-Final-Project/install/perception/share/perception/package.dsv'
[6.048s] INFO:colcon.colcon_core.shell:Creating package script '/home/cc/ee106a/fa25/class/ee106a-adc/EECS-C106A-Final-Project/install/perception/share/perception/package.sh'
[6.052s] INFO:colcon.colcon_core.shell:Creating package script '/home/cc/ee106a/fa25/class/ee106a-adc/EECS-C106A-Final-Project/install/perception/share/perception/package.bash'
[6.056s] INFO:colcon.colcon_core.shell:Creating package script '/home/cc/ee106a/fa25/class/ee106a-adc/EECS-C106A-Final-Project/install/perception/share/perception/package.zsh'
[6.059s] Level 1:colcon.colcon_core.environment:create_file_with_runtime_dependencies(/home/cc/ee106a/fa25/class/ee106a-adc/EECS-C106A-Final-Project/install/perception/share/colcon-core/packages/perception)
[6.063s] Level 1:colcon.colcon_core.environment:checking '/home/cc/ee106a/fa25/class/ee106a-adc/EECS-C106A-Final-Project/install/ros2_aruco' for CMake module files
[6.066s] Level 1:colcon.colcon_core.environment:checking '/home/cc/ee106a/fa25/class/ee106a-adc/EECS-C106A-Final-Project/install/ros2_aruco' for CMake config files
[6.067s] DEBUG:colcon.colcon_core.event_handler.log_command:Invoked command in '/home/cc/ee106a/fa25/class/ee106a-adc/EECS-C106A-Final-Project/src/ros2_aruco/ros2_aruco' returned '0': PYTHONPATH=/home/cc/ee106a/fa25/class/ee106a-adc/EECS-C106A-Final-Project/build/ros2_aruco/prefix_override:/home/cc/ee106a/fa25/class/ee106a-adc/.local/lib/python3.10/site-packages/colcon_core/task/python/colcon_distutils_commands:/home/cc/ee106a/fa25/class/ee106a-adc/EECS-C106A-Final-Project/install/ros2_aruco/lib/python3.10/site-packages:${PYTHONPATH} /usr/bin/python3 -W ignore:setup.py install is deprecated -W ignore:easy_install command is deprecated setup.py egg_info --egg-base ../../../build/ros2_aruco build --build-base /home/cc/ee106a/fa25/class/ee106a-adc/EECS-C106A-Final-Project/build/ros2_aruco/build install --record /home/cc/ee106a/fa25/class/ee106a-adc/EECS-C106A-Final-Project/build/ros2_aruco/install.log --single-version-externally-managed install_data
[6.075s] Level 1:colcon.colcon_core.environment:checking '/home/cc/ee106a/fa25/class/ee106a-adc/EECS-C106A-Final-Project/install/ros2_aruco/lib'
[6.075s] Level 1:colcon.colcon_core.environment:checking '/home/cc/ee106a/fa25/class/ee106a-adc/EECS-C106A-Final-Project/install/ros2_aruco/bin'
[6.076s] Level 1:colcon.colcon_core.environment:checking '/home/cc/ee106a/fa25/class/ee106a-adc/EECS-C106A-Final-Project/install/ros2_aruco/lib/pkgconfig/ros2_aruco.pc'
[6.077s] Level 1:colcon.colcon_core.environment:checking '/home/cc/ee106a/fa25/class/ee106a-adc/EECS-C106A-Final-Project/install/ros2_aruco/lib/python3.10/site-packages'
[6.077s] Level 1:colcon.colcon_core.shell:create_environment_hook('ros2_aruco', 'pythonpath')
[6.077s] INFO:colcon.colcon_core.shell:Creating environment hook '/home/cc/ee106a/fa25/class/ee106a-adc/EECS-C106A-Final-Project/install/ros2_aruco/share/ros2_aruco/hook/pythonpath.ps1'
[6.081s] INFO:colcon.colcon_core.shell:Creating environment descriptor '/home/cc/ee106a/fa25/class/ee106a-adc/EECS-C106A-Final-Project/install/ros2_aruco/share/ros2_aruco/hook/pythonpath.dsv'
[6.084s] INFO:colcon.colcon_core.shell:Creating environment hook '/home/cc/ee106a/fa25/class/ee106a-adc/EECS-C106A-Final-Project/install/ros2_aruco/share/ros2_aruco/hook/pythonpath.sh'
[6.087s] Level 1:colcon.colcon_core.environment:checking '/home/cc/ee106a/fa25/class/ee106a-adc/EECS-C106A-Final-Project/install/ros2_aruco/bin'
[6.087s] Level 1:colcon.colcon_core.environment:create_environment_scripts_only(ros2_aruco)
[6.087s] INFO:colcon.colcon_core.shell:Creating package script '/home/cc/ee106a/fa25/class/ee106a-adc/EECS-C106A-Final-Project/install/ros2_aruco/share/ros2_aruco/package.ps1'
[6.090s] INFO:colcon.colcon_core.shell:Creating package descriptor '/home/cc/ee106a/fa25/class/ee106a-adc/EECS-C106A-Final-Project/install/ros2_aruco/share/ros2_aruco/package.dsv'
[6.092s] INFO:colcon.colcon_core.shell:Creating package script '/home/cc/ee106a/fa25/class/ee106a-adc/EECS-C106A-Final-Project/install/ros2_aruco/share/ros2_aruco/package.sh'
[6.095s] INFO:colcon.colcon_core.shell:Creating package script '/home/cc/ee106a/fa25/class/ee106a-adc/EECS-C106A-Final-Project/install/ros2_aruco/share/ros2_aruco/package.bash'
[6.097s] INFO:colcon.colcon_core.shell:Creating package script '/home/cc/ee106a/fa25/class/ee106a-adc/EECS-C106A-Final-Project/install/ros2_aruco/share/ros2_aruco/package.zsh'
[6.099s] Level 1:colcon.colcon_core.environment:create_file_with_runtime_dependencies(/home/cc/ee106a/fa25/class/ee106a-adc/EECS-C106A-Final-Project/install/ros2_aruco/share/colcon-core/packages/ros2_aruco)
[6.102s] Level 1:colcon.colcon_core.environment:checking '/home/cc/ee106a/fa25/class/ee106a-adc/EECS-C106A-Final-Project/install/planning' for CMake module files
[6.104s] Level 1:colcon.colcon_core.environment:checking '/home/cc/ee106a/fa25/class/ee106a-adc/EECS-C106A-Final-Project/install/planning' for CMake config files
[6.105s] DEBUG:colcon.colcon_core.event_handler.log_command:Invoked command in '/home/cc/ee106a/fa25/class/ee106a-adc/EECS-C106A-Final-Project/src/planning' returned '0': PYTHONPATH=/home/cc/ee106a/fa25/class/ee106a-adc/EECS-C106A-Final-Project/build/planning/prefix_override:/home/cc/ee106a/fa25/class/ee106a-adc/.local/lib/python3.10/site-packages/colcon_core/task/python/colcon_distutils_commands:/home/cc/ee106a/fa25/class/ee106a-adc/EECS-C106A-Final-Project/install/planning/lib/python3.10/site-packages:${PYTHONPATH} /usr/bin/python3 -W ignore:setup.py install is deprecated -W ignore:easy_install command is deprecated setup.py egg_info --egg-base ../../build/planning build --build-base /home/cc/ee106a/fa25/class/ee106a-adc/EECS-C106A-Final-Project/build/planning/build install --record /home/cc/ee106a/fa25/class/ee106a-adc/EECS-C106A-Final-Project/build/planning/install.log --single-version-externally-managed install_data
[6.112s] Level 1:colcon.colcon_core.environment:checking '/home/cc/ee106a/fa25/class/ee106a-adc/EECS-C106A-Final-Project/install/planning/lib'
[6.113s] Level 1:colcon.colcon_core.environment:checking '/home/cc/ee106a/fa25/class/ee106a-adc/EECS-C106A-Final-Project/install/planning/bin'
[6.113s] Level 1:colcon.colcon_core.environment:checking '/home/cc/ee106a/fa25/class/ee106a-adc/EECS-C106A-Final-Project/install/planning/lib/pkgconfig/planning.pc'
[6.114s] Level 1:colcon.colcon_core.environment:checking '/home/cc/ee106a/fa25/class/ee106a-adc/EECS-C106A-Final-Project/install/planning/lib/python3.10/site-packages'
[6.114s] Level 1:colcon.colcon_core.shell:create_environment_hook('planning', 'pythonpath')
[6.114s] INFO:colcon.colcon_core.shell:Creating environment hook '/home/cc/ee106a/fa25/class/ee106a-adc/EECS-C106A-Final-Project/install/planning/share/planning/hook/pythonpath.ps1'
[6.117s] INFO:colcon.colcon_core.shell:Creating environment descriptor '/home/cc/ee106a/fa25/class/ee106a-adc/EECS-C106A-Final-Project/install/planning/share/planning/hook/pythonpath.dsv'
[6.120s] INFO:colcon.colcon_core.shell:Creating environment hook '/home/cc/ee106a/fa25/class/ee106a-adc/EECS-C106A-Final-Project/install/planning/share/planning/hook/pythonpath.sh'
[6.124s] Level 1:colcon.colcon_core.environment:checking '/home/cc/ee106a/fa25/class/ee106a-adc/EECS-C106A-Final-Project/install/planning/bin'
[6.124s] Level 1:colcon.colcon_core.environment:create_environment_scripts_only(planning)
[6.125s] INFO:colcon.colcon_core.shell:Creating package script '/home/cc/ee106a/fa25/class/ee106a-adc/EECS-C106A-Final-Project/install/planning/share/planning/package.ps1'
[6.128s] INFO:colcon.colcon_core.shell:Creating package descriptor '/home/cc/ee106a/fa25/class/ee106a-adc/EECS-C106A-Final-Project/install/planning/share/planning/package.dsv'
[6.132s] INFO:colcon.colcon_core.shell:Creating package script '/home/cc/ee106a/fa25/class/ee106a-adc/EECS-C106A-Final-Project/install/planning/share/planning/package.sh'
[6.135s] INFO:colcon.colcon_core.shell:Creating package script '/home/cc/ee106a/fa25/class/ee106a-adc/EECS-C106A-Final-Project/install/planning/share/planning/package.bash'
[6.138s] INFO:colcon.colcon_core.shell:Creating package script '/home/cc/ee106a/fa25/class/ee106a-adc/EECS-C106A-Final-Project/install/planning/share/planning/package.zsh'
[6.141s] Level 1:colcon.colcon_core.environment:create_file_with_runtime_dependencies(/home/cc/ee106a/fa25/class/ee106a-adc/EECS-C106A-Final-Project/install/planning/share/colcon-core/packages/planning)
[6.142s] DEBUG:colcon.colcon_parallel_executor.executor.parallel:closing loop
[6.142s] DEBUG:colcon.colcon_parallel_executor.executor.parallel:loop closed
[6.143s] DEBUG:colcon.colcon_parallel_executor.executor.parallel:run_until_complete finished with '0'
[6.143s] DEBUG:colcon.colcon_core.event_reactor:joining thread
[6.154s] INFO:colcon.colcon_core.plugin_system:Skipping extension 'colcon_notification.desktop_notification.notify_send': Could not find 'notify-send'
[6.154s] INFO:colcon.colcon_core.plugin_system:Skipping extension 'colcon_notification.desktop_notification.terminal_notifier': Not used on non-Darwin systems
[6.155s] INFO:colcon.colcon_core.plugin_system:Skipping extension 'colcon_notification.desktop_notification.win32': Not used on non-Windows systems
[6.155s] INFO:colcon.colcon_notification.desktop_notification:Sending desktop notification using 'notify2'
[6.268s] DEBUG:colcon.colcon_core.event_reactor:joined thread
[6.268s] INFO:colcon.colcon_core.shell:Creating prefix script '/home/cc/ee106a/fa25/class/ee106a-adc/EECS-C106A-Final-Project/install/local_setup.ps1'
[6.271s] INFO:colcon.colcon_core.shell:Creating prefix util module '/home/cc/ee106a/fa25/class/ee106a-adc/EECS-C106A-Final-Project/install/_local_setup_util_ps1.py'
[6.275s] INFO:colcon.colcon_core.shell:Creating prefix chain script '/home/cc/ee106a/fa25/class/ee106a-adc/EECS-C106A-Final-Project/install/setup.ps1'
[6.282s] INFO:colcon.colcon_core.shell:Creating prefix script '/home/cc/ee106a/fa25/class/ee106a-adc/EECS-C106A-Final-Project/install/local_setup.sh'
[6.285s] INFO:colcon.colcon_core.shell:Creating prefix util module '/home/cc/ee106a/fa25/class/ee106a-adc/EECS-C106A-Final-Project/install/_local_setup_util_sh.py'
[6.288s] INFO:colcon.colcon_core.shell:Creating prefix chain script '/home/cc/ee106a/fa25/class/ee106a-adc/EECS-C106A-Final-Project/install/setup.sh'
[6.295s] INFO:colcon.colcon_core.shell:Creating prefix script '/home/cc/ee106a/fa25/class/ee106a-adc/EECS-C106A-Final-Project/install/local_setup.bash'
[6.297s] INFO:colcon.colcon_core.shell:Creating prefix chain script '/home/cc/ee106a/fa25/class/ee106a-adc/EECS-C106A-Final-Project/install/setup.bash'
[6.304s] INFO:colcon.colcon_core.shell:Creating prefix script '/home/cc/ee106a/fa25/class/ee106a-adc/EECS-C106A-Final-Project/install/local_setup.zsh'
[6.306s] INFO:colcon.colcon_core.shell:Creating prefix chain script '/home/cc/ee106a/fa25/class/ee106a-adc/EECS-C106A-Final-Project/install/setup.zsh'
