-- Install configuration: ""
-- Up-to-date: /home/cc/ee106a/fa25/class/ee106a-adc/EECS-C106A-Final-Project/install/robotiq_hande_description/share/robotiq_hande_description/launch
-- Up-to-date: /home/cc/ee106a/fa25/class/ee106a-adc/EECS-C106A-Final-Project/install/robotiq_hande_description/share/robotiq_hande_description/launch/display.launch.py
-- Up-to-date: /home/cc/ee106a/fa25/class/ee106a-adc/EECS-C106A-Final-Project/install/robotiq_hande_description/share/robotiq_hande_description/meshes
-- Up-to-date: /home/cc/ee106a/fa25/class/ee106a-adc/EECS-C106A-Final-Project/install/robotiq_hande_description/share/robotiq_hande_description/meshes/finger.dae
-- Up-to-date: /home/cc/ee106a/fa25/class/ee106a-adc/EECS-C106A-Final-Project/install/robotiq_hande_description/share/robotiq_hande_description/meshes/finger_collision.dae
-- Up-to-date: /home/cc/ee106a/fa25/class/ee106a-adc/EECS-C106A-Final-Project/install/robotiq_hande_description/share/robotiq_hande_description/meshes/hande.dae
-- Up-to-date: /home/cc/ee106a/fa25/class/ee106a-adc/EECS-C106A-Final-Project/install/robotiq_hande_description/share/robotiq_hande_description/meshes/io_coupler.dae
-- Up-to-date: /home/cc/ee106a/fa25/class/ee106a-adc/EECS-C106A-Final-Project/install/robotiq_hande_description/share/robotiq_hande_description/rviz
-- Up-to-date: /home/cc/ee106a/fa25/class/ee106a-adc/EECS-C106A-Final-Project/install/robotiq_hande_description/share/robotiq_hande_description/rviz/urdf.rviz
-- Up-to-date: /home/cc/ee106a/fa25/class/ee106a-adc/EECS-C106A-Final-Project/install/robotiq_hande_description/share/robotiq_hande_description/urdf
-- Up-to-date: /home/cc/ee106a/fa25/class/ee106a-adc/EECS-C106A-Final-Project/install/robotiq_hande_description/share/robotiq_hande_description/urdf/cylinder_inertial.xacro
-- Up-to-date: /home/cc/ee106a/fa25/class/ee106a-adc/EECS-C106A-Final-Project/install/robotiq_hande_description/share/robotiq_hande_description/urdf/robotiq_hande_gripper.ros2_control.xacro
-- Up-to-date: /home/cc/ee106a/fa25/class/ee106a-adc/EECS-C106A-Final-Project/install/robotiq_hande_description/share/robotiq_hande_description/urdf/robotiq_hande_gripper.urdf.xacro
-- Up-to-date: /home/cc/ee106a/fa25/class/ee106a-adc/EECS-C106A-Final-Project/install/robotiq_hande_description/share/robotiq_hande_description/urdf/robotiq_hande_gripper.xacro
-- Up-to-date: /home/cc/ee106a/fa25/class/ee106a-adc/EECS-C106A-Final-Project/install/robotiq_hande_description/share/ament_index/resource_index/package_run_dependencies/robotiq_hande_description
-- Up-to-date: /home/cc/ee106a/fa25/class/ee106a-adc/EECS-C106A-Final-Project/install/robotiq_hande_description/share/ament_index/resource_index/parent_prefix_path/robotiq_hande_description
-- Up-to-date: /home/cc/ee106a/fa25/class/ee106a-adc/EECS-C106A-Final-Project/install/robotiq_hande_description/share/robotiq_hande_description/environment/ament_prefix_path.sh
-- Up-to-date: /home/cc/ee106a/fa25/class/ee106a-adc/EECS-C106A-Final-Project/install/robotiq_hande_description/share/robotiq_hande_description/environment/ament_prefix_path.dsv
-- Up-to-date: /home/cc/ee106a/fa25/class/ee106a-adc/EECS-C106A-Final-Project/install/robotiq_hande_description/share/robotiq_hande_description/environment/path.sh
-- Up-to-date: /home/cc/ee106a/fa25/class/ee106a-adc/EECS-C106A-Final-Project/install/robotiq_hande_description/share/robotiq_hande_description/environment/path.dsv
-- Up-to-date: /home/cc/ee106a/fa25/class/ee106a-adc/EECS-C106A-Final-Project/install/robotiq_hande_description/share/robotiq_hande_description/local_setup.bash
-- Up-to-date: /home/cc/ee106a/fa25/class/ee106a-adc/EECS-C106A-Final-Project/install/robotiq_hande_description/share/robotiq_hande_description/local_setup.sh
-- Up-to-date: /home/cc/ee106a/fa25/class/ee106a-adc/EECS-C106A-Final-Project/install/robotiq_hande_description/share/robotiq_hande_description/local_setup.zsh
-- Up-to-date: /home/cc/ee106a/fa25/class/ee106a-adc/EECS-C106A-Final-Project/install/robotiq_hande_description/share/robotiq_hande_description/local_setup.dsv
-- Installing: /home/cc/ee106a/fa25/class/ee106a-adc/EECS-C106A-Final-Project/install/robotiq_hande_description/share/robotiq_hande_description/package.dsv
-- Up-to-date: /home/cc/ee106a/fa25/class/ee106a-adc/EECS-C106A-Final-Project/install/robotiq_hande_description/share/ament_index/resource_index/packages/robotiq_hande_description
-- Up-to-date: /home/cc/ee106a/fa25/class/ee106a-adc/EECS-C106A-Final-Project/install/robotiq_hande_description/share/robotiq_hande_description/cmake/robotiq_hande_descriptionConfig.cmake
-- Up-to-date: /home/cc/ee106a/fa25/class/ee106a-adc/EECS-C106A-Final-Project/install/robotiq_hande_description/share/robotiq_hande_description/cmake/robotiq_hande_descriptionConfig-version.cmake
-- Up-to-date: /home/cc/ee106a/fa25/class/ee106a-adc/EECS-C106A-Final-Project/install/robotiq_hande_description/share/robotiq_hande_description/package.xml
