[0.120s] Invoking command in '/home/cc/ee106a/fa25/class/ee106a-adc/EECS-C106A-Final-Project/build/robotiq_hande_description': CMAKE_PREFIX_PATH=${CMAKE_PREFIX_PATH}:/home/cc/ee106a/fa25/class/ee106a-adc/EECS-C106A-Final-Project/install/ros2_aruco:/home/cc/ee106a/fa25/class/ee106a-adc/EECS-C106A-Final-Project/install/planning:/home/cc/ee106a/fa25/class/ee106a-adc/EECS-C106A-Final-Project/install/perception:/home/ff/ee106a/robot_workspaces/ur/install/ur7e_utils:/opt/ros/humble /usr/bin/cmake --build /home/cc/ee106a/fa25/class/ee106a-adc/EECS-C106A-Final-Project/build/robotiq_hande_description -- -j32 -l32
[1.119s] Invoked command in '/home/cc/ee106a/fa25/class/ee106a-adc/EECS-C106A-Final-Project/build/robotiq_hande_description' returned '0': CMAKE_PREFIX_PATH=${CMAKE_PREFIX_PATH}:/home/cc/ee106a/fa25/class/ee106a-adc/EECS-C106A-Final-Project/install/ros2_aruco:/home/cc/ee106a/fa25/class/ee106a-adc/EECS-C106A-Final-Project/install/planning:/home/cc/ee106a/fa25/class/ee106a-adc/EECS-C106A-Final-Project/install/perception:/home/ff/ee106a/robot_workspaces/ur/install/ur7e_utils:/opt/ros/humble /usr/bin/cmake --build /home/cc/ee106a/fa25/class/ee106a-adc/EECS-C106A-Final-Project/build/robotiq_hande_description -- -j32 -l32
[1.142s] Invoking command in '/home/cc/ee106a/fa25/class/ee106a-adc/EECS-C106A-Final-Project/build/robotiq_hande_description': CMAKE_PREFIX_PATH=${CMAKE_PREFIX_PATH}:/home/cc/ee106a/fa25/class/ee106a-adc/EECS-C106A-Final-Project/install/ros2_aruco:/home/cc/ee106a/fa25/class/ee106a-adc/EECS-C106A-Final-Project/install/planning:/home/cc/ee106a/fa25/class/ee106a-adc/EECS-C106A-Final-Project/install/perception:/home/ff/ee106a/robot_workspaces/ur/install/ur7e_utils:/opt/ros/humble /usr/bin/cmake --install /home/cc/ee106a/fa25/class/ee106a-adc/EECS-C106A-Final-Project/build/robotiq_hande_description
[1.160s] -- Install configuration: ""
[1.161s] -- Up-to-date: /home/cc/ee106a/fa25/class/ee106a-adc/EECS-C106A-Final-Project/install/robotiq_hande_description/share/robotiq_hande_description/launch
[1.164s] -- Up-to-date: /home/cc/ee106a/fa25/class/ee106a-adc/EECS-C106A-Final-Project/install/robotiq_hande_description/share/robotiq_hande_description/launch/display.launch.py
[1.164s] -- Up-to-date: /home/cc/ee106a/fa25/class/ee106a-adc/EECS-C106A-Final-Project/install/robotiq_hande_description/share/robotiq_hande_description/meshes
[1.166s] -- Up-to-date: /home/cc/ee106a/fa25/class/ee106a-adc/EECS-C106A-Final-Project/install/robotiq_hande_description/share/robotiq_hande_description/meshes/finger.dae
[1.167s] -- Up-to-date: /home/cc/ee106a/fa25/class/ee106a-adc/EECS-C106A-Final-Project/install/robotiq_hande_description/share/robotiq_hande_description/meshes/finger_collision.dae
[1.168s] -- Up-to-date: /home/cc/ee106a/fa25/class/ee106a-adc/EECS-C106A-Final-Project/install/robotiq_hande_description/share/robotiq_hande_description/meshes/hande.dae
[1.169s] -- Up-to-date: /home/cc/ee106a/fa25/class/ee106a-adc/EECS-C106A-Final-Project/install/robotiq_hande_description/share/robotiq_hande_description/meshes/io_coupler.dae
[1.170s] -- Up-to-date: /home/cc/ee106a/fa25/class/ee106a-adc/EECS-C106A-Final-Project/install/robotiq_hande_description/share/robotiq_hande_description/rviz
[1.172s] -- Up-to-date: /home/cc/ee106a/fa25/class/ee106a-adc/EECS-C106A-Final-Project/install/robotiq_hande_description/share/robotiq_hande_description/rviz/urdf.rviz
[1.173s] -- Up-to-date: /home/cc/ee106a/fa25/class/ee106a-adc/EECS-C106A-Final-Project/install/robotiq_hande_description/share/robotiq_hande_description/urdf
[1.175s] -- Up-to-date: /home/cc/ee106a/fa25/class/ee106a-adc/EECS-C106A-Final-Project/install/robotiq_hande_description/share/robotiq_hande_description/urdf/cylinder_inertial.xacro
[1.177s] -- Up-to-date: /home/cc/ee106a/fa25/class/ee106a-adc/EECS-C106A-Final-Project/install/robotiq_hande_description/share/robotiq_hande_description/urdf/robotiq_hande_gripper.ros2_control.xacro
[1.178s] -- Up-to-date: /home/cc/ee106a/fa25/class/ee106a-adc/EECS-C106A-Final-Project/install/robotiq_hande_description/share/robotiq_hande_description/urdf/robotiq_hande_gripper.urdf.xacro
[1.179s] -- Up-to-date: /home/cc/ee106a/fa25/class/ee106a-adc/EECS-C106A-Final-Project/install/robotiq_hande_description/share/robotiq_hande_description/urdf/robotiq_hande_gripper.xacro
[1.181s] -- Up-to-date: /home/cc/ee106a/fa25/class/ee106a-adc/EECS-C106A-Final-Project/install/robotiq_hande_description/share/ament_index/resource_index/package_run_dependencies/robotiq_hande_description
[1.183s] -- Up-to-date: /home/cc/ee106a/fa25/class/ee106a-adc/EECS-C106A-Final-Project/install/robotiq_hande_description/share/ament_index/resource_index/parent_prefix_path/robotiq_hande_description
[1.184s] -- Up-to-date: /home/cc/ee106a/fa25/class/ee106a-adc/EECS-C106A-Final-Project/install/robotiq_hande_description/share/robotiq_hande_description/environment/ament_prefix_path.sh
[1.185s] -- Up-to-date: /home/cc/ee106a/fa25/class/ee106a-adc/EECS-C106A-Final-Project/install/robotiq_hande_description/share/robotiq_hande_description/environment/ament_prefix_path.dsv
[1.186s] -- Up-to-date: /home/cc/ee106a/fa25/class/ee106a-adc/EECS-C106A-Final-Project/install/robotiq_hande_description/share/robotiq_hande_description/environment/path.sh
[1.187s] -- Up-to-date: /home/cc/ee106a/fa25/class/ee106a-adc/EECS-C106A-Final-Project/install/robotiq_hande_description/share/robotiq_hande_description/environment/path.dsv
[1.188s] -- Up-to-date: /home/cc/ee106a/fa25/class/ee106a-adc/EECS-C106A-Final-Project/install/robotiq_hande_description/share/robotiq_hande_description/local_setup.bash
[1.190s] -- Up-to-date: /home/cc/ee106a/fa25/class/ee106a-adc/EECS-C106A-Final-Project/install/robotiq_hande_description/share/robotiq_hande_description/local_setup.sh
[1.191s] -- Up-to-date: /home/cc/ee106a/fa25/class/ee106a-adc/EECS-C106A-Final-Project/install/robotiq_hande_description/share/robotiq_hande_description/local_setup.zsh
[1.191s] -- Up-to-date: /home/cc/ee106a/fa25/class/ee106a-adc/EECS-C106A-Final-Project/install/robotiq_hande_description/share/robotiq_hande_description/local_setup.dsv
[1.193s] -- Installing: /home/cc/ee106a/fa25/class/ee106a-adc/EECS-C106A-Final-Project/install/robotiq_hande_description/share/robotiq_hande_description/package.dsv
[1.203s] -- Up-to-date: /home/cc/ee106a/fa25/class/ee106a-adc/EECS-C106A-Final-Project/install/robotiq_hande_description/share/ament_index/resource_index/packages/robotiq_hande_description
[1.204s] -- Up-to-date: /home/cc/ee106a/fa25/class/ee106a-adc/EECS-C106A-Final-Project/install/robotiq_hande_description/share/robotiq_hande_description/cmake/robotiq_hande_descriptionConfig.cmake
[1.205s] -- Up-to-date: /home/cc/ee106a/fa25/class/ee106a-adc/EECS-C106A-Final-Project/install/robotiq_hande_description/share/robotiq_hande_description/cmake/robotiq_hande_descriptionConfig-version.cmake
[1.206s] -- Up-to-date: /home/cc/ee106a/fa25/class/ee106a-adc/EECS-C106A-Final-Project/install/robotiq_hande_description/share/robotiq_hande_description/package.xml
[1.211s] Invoked command in '/home/cc/ee106a/fa25/class/ee106a-adc/EECS-C106A-Final-Project/build/robotiq_hande_description' returned '0': CMAKE_PREFIX_PATH=${CMAKE_PREFIX_PATH}:/home/cc/ee106a/fa25/class/ee106a-adc/EECS-C106A-Final-Project/install/ros2_aruco:/home/cc/ee106a/fa25/class/ee106a-adc/EECS-C106A-Final-Project/install/planning:/home/cc/ee106a/fa25/class/ee106a-adc/EECS-C106A-Final-Project/install/perception:/home/ff/ee106a/robot_workspaces/ur/install/ur7e_utils:/opt/ros/humble /usr/bin/cmake --install /home/cc/ee106a/fa25/class/ee106a-adc/EECS-C106A-Final-Project/build/robotiq_hande_description
