[3.163s] Invoking command in '/home/cc/ee106a/fa25/class/ee106a-adc/EECS-C106A-Final-Project/src/ros2_aruco/ros2_aruco': PYTHONPATH=/home/cc/ee106a/fa25/class/ee106a-adc/EECS-C106A-Final-Project/build/ros2_aruco/prefix_override:/home/cc/ee106a/fa25/class/ee106a-adc/.local/lib/python3.10/site-packages/colcon_core/task/python/colcon_distutils_commands:/home/cc/ee106a/fa25/class/ee106a-adc/EECS-C106A-Final-Project/install/ros2_aruco/lib/python3.10/site-packages:${PYTHONPATH} /usr/bin/python3 -W ignore:setup.py install is deprecated -W ignore:easy_install command is deprecated setup.py egg_info --egg-base ../../../build/ros2_aruco build --build-base /home/cc/ee106a/fa25/class/ee106a-adc/EECS-C106A-Final-Project/build/ros2_aruco/build install --record /home/cc/ee106a/fa25/class/ee106a-adc/EECS-C106A-Final-Project/build/ros2_aruco/install.log --single-version-externally-managed install_data
[3.484s] /home/cc/ee106a/fa25/class/ee106a-adc/.local/lib/python3.10/site-packages/setuptools/_distutils/dist.py:289: UserWarning: Unknown distribution option: 'tests_require'
[3.484s]   warnings.warn(msg)
[3.875s] running egg_info
[3.937s] writing ../../../build/ros2_aruco/ros2_aruco.egg-info/PKG-INFO
[3.943s] writing dependency_links to ../../../build/ros2_aruco/ros2_aruco.egg-info/dependency_links.txt
[3.946s] writing entry points to ../../../build/ros2_aruco/ros2_aruco.egg-info/entry_points.txt
[3.949s] writing requirements to ../../../build/ros2_aruco/ros2_aruco.egg-info/requires.txt
[3.951s] writing top-level names to ../../../build/ros2_aruco/ros2_aruco.egg-info/top_level.txt
[4.091s] reading manifest file '../../../build/ros2_aruco/ros2_aruco.egg-info/SOURCES.txt'
[4.095s] writing manifest file '../../../build/ros2_aruco/ros2_aruco.egg-info/SOURCES.txt'
[4.097s] running build
[4.098s] running build_py
[4.099s] copying ros2_aruco/__init__.py -> /home/cc/ee106a/fa25/class/ee106a-adc/EECS-C106A-Final-Project/build/ros2_aruco/build/lib/ros2_aruco
[4.103s] copying ros2_aruco/aruco_generate_marker.py -> /home/cc/ee106a/fa25/class/ee106a-adc/EECS-C106A-Final-Project/build/ros2_aruco/build/lib/ros2_aruco
[4.109s] copying ros2_aruco/aruco_node.py -> /home/cc/ee106a/fa25/class/ee106a-adc/EECS-C106A-Final-Project/build/ros2_aruco/build/lib/ros2_aruco
[4.115s] running install
[4.120s] running install_lib
[4.187s] running install_data
[4.188s] copying resource/ros2_aruco -> /home/cc/ee106a/fa25/class/ee106a-adc/EECS-C106A-Final-Project/install/ros2_aruco/share/ament_index/resource_index/packages
[4.194s] copying package.xml -> /home/cc/ee106a/fa25/class/ee106a-adc/EECS-C106A-Final-Project/install/ros2_aruco/share/ros2_aruco
[4.199s] copying launch/aruco_recognition.launch.py -> /home/cc/ee106a/fa25/class/ee106a-adc/EECS-C106A-Final-Project/install/ros2_aruco/share/ros2_aruco/launch
[4.203s] copying config/aruco_parameters.yaml -> /home/cc/ee106a/fa25/class/ee106a-adc/EECS-C106A-Final-Project/install/ros2_aruco/share/ros2_aruco/config
[4.210s] copying config/aruco_parameters_old.yaml -> /home/cc/ee106a/fa25/class/ee106a-adc/EECS-C106A-Final-Project/install/ros2_aruco/share/ros2_aruco/config
[4.214s] running install_egg_info
[4.277s] removing '/home/cc/ee106a/fa25/class/ee106a-adc/EECS-C106A-Final-Project/install/ros2_aruco/lib/python3.10/site-packages/ros2_aruco-0.1.0-py3.10.egg-info' (and everything under it)
[4.283s] Copying ../../../build/ros2_aruco/ros2_aruco.egg-info to /home/cc/ee106a/fa25/class/ee106a-adc/EECS-C106A-Final-Project/install/ros2_aruco/lib/python3.10/site-packages/ros2_aruco-0.1.0-py3.10.egg-info
[4.321s] running install_scripts
[4.645s] Installing aruco_generate_marker script to /home/cc/ee106a/fa25/class/ee106a-adc/EECS-C106A-Final-Project/install/ros2_aruco/lib/ros2_aruco
[4.653s] Installing aruco_node script to /home/cc/ee106a/fa25/class/ee106a-adc/EECS-C106A-Final-Project/install/ros2_aruco/lib/ros2_aruco
[4.653s] writing list of installed files to '/home/cc/ee106a/fa25/class/ee106a-adc/EECS-C106A-Final-Project/build/ros2_aruco/install.log'
[4.673s] Invoked command in '/home/cc/ee106a/fa25/class/ee106a-adc/EECS-C106A-Final-Project/src/ros2_aruco/ros2_aruco' returned '0': PYTHONPATH=/home/cc/ee106a/fa25/class/ee106a-adc/EECS-C106A-Final-Project/build/ros2_aruco/prefix_override:/home/cc/ee106a/fa25/class/ee106a-adc/.local/lib/python3.10/site-packages/colcon_core/task/python/colcon_distutils_commands:/home/cc/ee106a/fa25/class/ee106a-adc/EECS-C106A-Final-Project/install/ros2_aruco/lib/python3.10/site-packages:${PYTHONPATH} /usr/bin/python3 -W ignore:setup.py install is deprecated -W ignore:easy_install command is deprecated setup.py egg_info --egg-base ../../../build/ros2_aruco build --build-base /home/cc/ee106a/fa25/class/ee106a-adc/EECS-C106A-Final-Project/build/ros2_aruco/build install --record /home/cc/ee106a/fa25/class/ee106a-adc/EECS-C106A-Final-Project/build/ros2_aruco/install.log --single-version-externally-managed install_data
