[3.360s] Invoking command in '/home/cc/ee106a/fa25/class/ee106a-adc/EECS-C106A-Final-Project/src/perception': PYTHONPATH=/home/cc/ee106a/fa25/class/ee106a-adc/EECS-C106A-Final-Project/build/perception/prefix_override:/home/cc/ee106a/fa25/class/ee106a-adc/.local/lib/python3.10/site-packages/colcon_core/task/python/colcon_distutils_commands:/home/cc/ee106a/fa25/class/ee106a-adc/EECS-C106A-Final-Project/install/perception/lib/python3.10/site-packages:${PYTHONPATH} /usr/bin/python3 -W ignore:setup.py install is deprecated -W ignore:easy_install command is deprecated setup.py egg_info --egg-base ../../build/perception build --build-base /home/cc/ee106a/fa25/class/ee106a-adc/EECS-C106A-Final-Project/build/perception/build install --record /home/cc/ee106a/fa25/class/ee106a-adc/EECS-C106A-Final-Project/build/perception/install.log --single-version-externally-managed install_data
[3.742s] /home/cc/ee106a/fa25/class/ee106a-adc/.local/lib/python3.10/site-packages/setuptools/_distutils/dist.py:289: UserWarning: Unknown distribution option: 'tests_require'
[3.742s]   warnings.warn(msg)
[4.270s] running egg_info
[4.348s] writing ../../build/perception/perception.egg-info/PKG-INFO
[4.354s] writing dependency_links to ../../build/perception/perception.egg-info/dependency_links.txt
[4.356s] writing entry points to ../../build/perception/perception.egg-info/entry_points.txt
[4.359s] writing requirements to ../../build/perception/perception.egg-info/requires.txt
[4.362s] writing top-level names to ../../build/perception/perception.egg-info/top_level.txt
[4.516s] reading manifest file '../../build/perception/perception.egg-info/SOURCES.txt'
[4.520s] writing manifest file '../../build/perception/perception.egg-info/SOURCES.txt'
[4.523s] running build
[4.524s] running build_py
[4.525s] copying perception/__init__.py -> /home/cc/ee106a/fa25/class/ee106a-adc/EECS-C106A-Final-Project/build/perception/build/lib/perception
[4.530s] copying perception/interactive_plane.py -> /home/cc/ee106a/fa25/class/ee106a-adc/EECS-C106A-Final-Project/build/perception/build/lib/perception
[4.535s] copying perception/process_pointcloud.py -> /home/cc/ee106a/fa25/class/ee106a-adc/EECS-C106A-Final-Project/build/perception/build/lib/perception
[4.539s] running install
[4.546s] running install_lib
[4.630s] running install_data
[4.632s] copying resource/perception -> /home/cc/ee106a/fa25/class/ee106a-adc/EECS-C106A-Final-Project/install/perception/share/ament_index/resource_index/packages
[4.636s] copying package.xml -> /home/cc/ee106a/fa25/class/ee106a-adc/EECS-C106A-Final-Project/install/perception/share/perception
[4.640s] running install_egg_info
[4.721s] removing '/home/cc/ee106a/fa25/class/ee106a-adc/EECS-C106A-Final-Project/install/perception/lib/python3.10/site-packages/perception-0.0.0-py3.10.egg-info' (and everything under it)
[4.726s] Copying ../../build/perception/perception.egg-info to /home/cc/ee106a/fa25/class/ee106a-adc/EECS-C106A-Final-Project/install/perception/lib/python3.10/site-packages/perception-0.0.0-py3.10.egg-info
[4.759s] running install_scripts
[5.097s] Installing interactive_plane script to /home/cc/ee106a/fa25/class/ee106a-adc/EECS-C106A-Final-Project/install/perception/lib/perception
[5.101s] Installing process_pointcloud script to /home/cc/ee106a/fa25/class/ee106a-adc/EECS-C106A-Final-Project/install/perception/lib/perception
[5.105s] writing list of installed files to '/home/cc/ee106a/fa25/class/ee106a-adc/EECS-C106A-Final-Project/build/perception/install.log'
[5.125s] Invoked command in '/home/cc/ee106a/fa25/class/ee106a-adc/EECS-C106A-Final-Project/src/perception' returned '0': PYTHONPATH=/home/cc/ee106a/fa25/class/ee106a-adc/EECS-C106A-Final-Project/build/perception/prefix_override:/home/cc/ee106a/fa25/class/ee106a-adc/.local/lib/python3.10/site-packages/colcon_core/task/python/colcon_distutils_commands:/home/cc/ee106a/fa25/class/ee106a-adc/EECS-C106A-Final-Project/install/perception/lib/python3.10/site-packages:${PYTHONPATH} /usr/bin/python3 -W ignore:setup.py install is deprecated -W ignore:easy_install command is deprecated setup.py egg_info --egg-base ../../build/perception build --build-base /home/cc/ee106a/fa25/class/ee106a-adc/EECS-C106A-Final-Project/build/perception/build install --record /home/cc/ee106a/fa25/class/ee106a-adc/EECS-C106A-Final-Project/build/perception/install.log --single-version-externally-managed install_data
