[1.309s] Invoking command in '/home/cc/ee106a/fa25/class/ee106a-adc/EECS-C106A-Final-Project/build/ros2_aruco_interfaces': CMAKE_PREFIX_PATH=${CMAKE_PREFIX_PATH}:/home/cc/ee106a/fa25/class/ee106a-adc/EECS-C106A-Final-Project/install/ros2_aruco:/home/cc/ee106a/fa25/class/ee106a-adc/EECS-C106A-Final-Project/install/planning:/home/cc/ee106a/fa25/class/ee106a-adc/EECS-C106A-Final-Project/install/perception:/home/ff/ee106a/robot_workspaces/ur/install/ur7e_utils:/opt/ros/humble /usr/bin/cmake --build /home/cc/ee106a/fa25/class/ee106a-adc/EECS-C106A-Final-Project/build/ros2_aruco_interfaces -- -j32 -l32
[1.459s] [  3%] Built target ros2_aruco_interfaces__cpp
[1.477s] [ 12%] Built target ros2_aruco_interfaces__rosidl_generator_c
[1.588s] [ 25%] Built target ros2_aruco_interfaces__rosidl_typesupport_cpp
[1.600s] [ 41%] Built target ros2_aruco_interfaces__rosidl_typesupport_fastrtps_cpp
[1.601s] [ 41%] Built target ros2_aruco_interfaces__rosidl_typesupport_introspection_cpp
[1.625s] [ 70%] Built target ros2_aruco_interfaces__rosidl_typesupport_introspection_c
[1.626s] [ 70%] Built target ros2_aruco_interfaces__rosidl_typesupport_fastrtps_c
[1.627s] [ 70%] Built target ros2_aruco_interfaces__rosidl_typesupport_c
[1.660s] [ 70%] Built target ament_cmake_python_copy_ros2_aruco_interfaces
[1.679s] [ 70%] Built target ros2_aruco_interfaces
[1.741s] [ 74%] Built target ros2_aruco_interfaces__py
[1.820s] [ 80%] Built target ros2_aruco_interfaces__rosidl_generator_py
[1.939s] [100%] Built target ros2_aruco_interfaces__rosidl_typesupport_introspection_c__pyext
[1.940s] [100%] Built target ros2_aruco_interfaces__rosidl_typesupport_c__pyext
[1.940s] [100%] Built target ros2_aruco_interfaces__rosidl_typesupport_fastrtps_c__pyext
[2.415s] running egg_info
[2.458s] writing ros2_aruco_interfaces.egg-info/PKG-INFO
[2.479s] writing dependency_links to ros2_aruco_interfaces.egg-info/dependency_links.txt
[2.484s] writing top-level names to ros2_aruco_interfaces.egg-info/top_level.txt
[2.648s] reading manifest file 'ros2_aruco_interfaces.egg-info/SOURCES.txt'
[2.651s] writing manifest file 'ros2_aruco_interfaces.egg-info/SOURCES.txt'
[2.677s] [100%] Built target ament_cmake_python_build_ros2_aruco_interfaces_egg
[2.717s] Invoked command in '/home/cc/ee106a/fa25/class/ee106a-adc/EECS-C106A-Final-Project/build/ros2_aruco_interfaces' returned '0': CMAKE_PREFIX_PATH=${CMAKE_PREFIX_PATH}:/home/cc/ee106a/fa25/class/ee106a-adc/EECS-C106A-Final-Project/install/ros2_aruco:/home/cc/ee106a/fa25/class/ee106a-adc/EECS-C106A-Final-Project/install/planning:/home/cc/ee106a/fa25/class/ee106a-adc/EECS-C106A-Final-Project/install/perception:/home/ff/ee106a/robot_workspaces/ur/install/ur7e_utils:/opt/ros/humble /usr/bin/cmake --build /home/cc/ee106a/fa25/class/ee106a-adc/EECS-C106A-Final-Project/build/ros2_aruco_interfaces -- -j32 -l32
[2.746s] Invoking command in '/home/cc/ee106a/fa25/class/ee106a-adc/EECS-C106A-Final-Project/build/ros2_aruco_interfaces': CMAKE_PREFIX_PATH=${CMAKE_PREFIX_PATH}:/home/cc/ee106a/fa25/class/ee106a-adc/EECS-C106A-Final-Project/install/ros2_aruco:/home/cc/ee106a/fa25/class/ee106a-adc/EECS-C106A-Final-Project/install/planning:/home/cc/ee106a/fa25/class/ee106a-adc/EECS-C106A-Final-Project/install/perception:/home/ff/ee106a/robot_workspaces/ur/install/ur7e_utils:/opt/ros/humble /usr/bin/cmake --install /home/cc/ee106a/fa25/class/ee106a-adc/EECS-C106A-Final-Project/build/ros2_aruco_interfaces
[2.770s] -- Install configuration: ""
[2.770s] -- Up-to-date: /home/cc/ee106a/fa25/class/ee106a-adc/EECS-C106A-Final-Project/install/ros2_aruco_interfaces/share/ament_index/resource_index/rosidl_interfaces/ros2_aruco_interfaces
[2.771s] -- Up-to-date: /home/cc/ee106a/fa25/class/ee106a-adc/EECS-C106A-Final-Project/install/ros2_aruco_interfaces/include/ros2_aruco_interfaces/ros2_aruco_interfaces
[2.772s] -- Up-to-date: /home/cc/ee106a/fa25/class/ee106a-adc/EECS-C106A-Final-Project/install/ros2_aruco_interfaces/include/ros2_aruco_interfaces/ros2_aruco_interfaces/msg
[2.774s] -- Up-to-date: /home/cc/ee106a/fa25/class/ee106a-adc/EECS-C106A-Final-Project/install/ros2_aruco_interfaces/include/ros2_aruco_interfaces/ros2_aruco_interfaces/msg/aruco_markers.h
[2.775s] -- Up-to-date: /home/cc/ee106a/fa25/class/ee106a-adc/EECS-C106A-Final-Project/install/ros2_aruco_interfaces/include/ros2_aruco_interfaces/ros2_aruco_interfaces/msg/rosidl_generator_c__visibility_control.h
[2.776s] -- Up-to-date: /home/cc/ee106a/fa25/class/ee106a-adc/EECS-C106A-Final-Project/install/ros2_aruco_interfaces/include/ros2_aruco_interfaces/ros2_aruco_interfaces/msg/detail
[2.778s] -- Up-to-date: /home/cc/ee106a/fa25/class/ee106a-adc/EECS-C106A-Final-Project/install/ros2_aruco_interfaces/include/ros2_aruco_interfaces/ros2_aruco_interfaces/msg/detail/aruco_markers__functions.c
[2.779s] -- Up-to-date: /home/cc/ee106a/fa25/class/ee106a-adc/EECS-C106A-Final-Project/install/ros2_aruco_interfaces/include/ros2_aruco_interfaces/ros2_aruco_interfaces/msg/detail/aruco_markers__functions.h
[2.779s] -- Up-to-date: /home/cc/ee106a/fa25/class/ee106a-adc/EECS-C106A-Final-Project/install/ros2_aruco_interfaces/include/ros2_aruco_interfaces/ros2_aruco_interfaces/msg/detail/aruco_markers__struct.h
[2.780s] -- Up-to-date: /home/cc/ee106a/fa25/class/ee106a-adc/EECS-C106A-Final-Project/install/ros2_aruco_interfaces/include/ros2_aruco_interfaces/ros2_aruco_interfaces/msg/detail/aruco_markers__type_support.h
[2.781s] -- Up-to-date: /home/cc/ee106a/fa25/class/ee106a-adc/EECS-C106A-Final-Project/install/ros2_aruco_interfaces/share/ros2_aruco_interfaces/environment/library_path.sh
[2.781s] -- Up-to-date: /home/cc/ee106a/fa25/class/ee106a-adc/EECS-C106A-Final-Project/install/ros2_aruco_interfaces/share/ros2_aruco_interfaces/environment/library_path.dsv
[2.784s] -- Up-to-date: /home/cc/ee106a/fa25/class/ee106a-adc/EECS-C106A-Final-Project/install/ros2_aruco_interfaces/lib/libros2_aruco_interfaces__rosidl_generator_c.so
[2.788s] -- Up-to-date: /home/cc/ee106a/fa25/class/ee106a-adc/EECS-C106A-Final-Project/install/ros2_aruco_interfaces/include/ros2_aruco_interfaces/ros2_aruco_interfaces
[2.790s] -- Up-to-date: /home/cc/ee106a/fa25/class/ee106a-adc/EECS-C106A-Final-Project/install/ros2_aruco_interfaces/include/ros2_aruco_interfaces/ros2_aruco_interfaces/msg
[2.791s] -- Up-to-date: /home/cc/ee106a/fa25/class/ee106a-adc/EECS-C106A-Final-Project/install/ros2_aruco_interfaces/include/ros2_aruco_interfaces/ros2_aruco_interfaces/msg/detail
[2.793s] -- Up-to-date: /home/cc/ee106a/fa25/class/ee106a-adc/EECS-C106A-Final-Project/install/ros2_aruco_interfaces/include/ros2_aruco_interfaces/ros2_aruco_interfaces/msg/detail/aruco_markers__rosidl_typesupport_fastrtps_c.h
[2.793s] -- Up-to-date: /home/cc/ee106a/fa25/class/ee106a-adc/EECS-C106A-Final-Project/install/ros2_aruco_interfaces/include/ros2_aruco_interfaces/ros2_aruco_interfaces/msg/rosidl_typesupport_fastrtps_c__visibility_control.h
[2.797s] -- Up-to-date: /home/cc/ee106a/fa25/class/ee106a-adc/EECS-C106A-Final-Project/install/ros2_aruco_interfaces/lib/libros2_aruco_interfaces__rosidl_typesupport_fastrtps_c.so
[2.803s] -- Up-to-date: /home/cc/ee106a/fa25/class/ee106a-adc/EECS-C106A-Final-Project/install/ros2_aruco_interfaces/include/ros2_aruco_interfaces/ros2_aruco_interfaces
[2.804s] -- Up-to-date: /home/cc/ee106a/fa25/class/ee106a-adc/EECS-C106A-Final-Project/install/ros2_aruco_interfaces/include/ros2_aruco_interfaces/ros2_aruco_interfaces/msg
[2.806s] -- Up-to-date: /home/cc/ee106a/fa25/class/ee106a-adc/EECS-C106A-Final-Project/install/ros2_aruco_interfaces/include/ros2_aruco_interfaces/ros2_aruco_interfaces/msg/aruco_markers.hpp
[2.807s] -- Up-to-date: /home/cc/ee106a/fa25/class/ee106a-adc/EECS-C106A-Final-Project/install/ros2_aruco_interfaces/include/ros2_aruco_interfaces/ros2_aruco_interfaces/msg/rosidl_generator_cpp__visibility_control.hpp
[2.807s] -- Up-to-date: /home/cc/ee106a/fa25/class/ee106a-adc/EECS-C106A-Final-Project/install/ros2_aruco_interfaces/include/ros2_aruco_interfaces/ros2_aruco_interfaces/msg/detail
[2.809s] -- Up-to-date: /home/cc/ee106a/fa25/class/ee106a-adc/EECS-C106A-Final-Project/install/ros2_aruco_interfaces/include/ros2_aruco_interfaces/ros2_aruco_interfaces/msg/detail/aruco_markers__builder.hpp
[2.810s] -- Up-to-date: /home/cc/ee106a/fa25/class/ee106a-adc/EECS-C106A-Final-Project/install/ros2_aruco_interfaces/include/ros2_aruco_interfaces/ros2_aruco_interfaces/msg/detail/aruco_markers__struct.hpp
[2.811s] -- Up-to-date: /home/cc/ee106a/fa25/class/ee106a-adc/EECS-C106A-Final-Project/install/ros2_aruco_interfaces/include/ros2_aruco_interfaces/ros2_aruco_interfaces/msg/detail/aruco_markers__traits.hpp
[2.812s] -- Up-to-date: /home/cc/ee106a/fa25/class/ee106a-adc/EECS-C106A-Final-Project/install/ros2_aruco_interfaces/include/ros2_aruco_interfaces/ros2_aruco_interfaces/msg/detail/aruco_markers__type_support.hpp
[2.813s] -- Up-to-date: /home/cc/ee106a/fa25/class/ee106a-adc/EECS-C106A-Final-Project/install/ros2_aruco_interfaces/include/ros2_aruco_interfaces/ros2_aruco_interfaces
[2.814s] -- Up-to-date: /home/cc/ee106a/fa25/class/ee106a-adc/EECS-C106A-Final-Project/install/ros2_aruco_interfaces/include/ros2_aruco_interfaces/ros2_aruco_interfaces/msg
[2.816s] -- Up-to-date: /home/cc/ee106a/fa25/class/ee106a-adc/EECS-C106A-Final-Project/install/ros2_aruco_interfaces/include/ros2_aruco_interfaces/ros2_aruco_interfaces/msg/detail
[2.817s] -- Up-to-date: /home/cc/ee106a/fa25/class/ee106a-adc/EECS-C106A-Final-Project/install/ros2_aruco_interfaces/include/ros2_aruco_interfaces/ros2_aruco_interfaces/msg/detail/aruco_markers__rosidl_typesupport_fastrtps_cpp.hpp
[2.818s] -- Up-to-date: /home/cc/ee106a/fa25/class/ee106a-adc/EECS-C106A-Final-Project/install/ros2_aruco_interfaces/include/ros2_aruco_interfaces/ros2_aruco_interfaces/msg/detail/dds_fastrtps
[2.820s] -- Up-to-date: /home/cc/ee106a/fa25/class/ee106a-adc/EECS-C106A-Final-Project/install/ros2_aruco_interfaces/include/ros2_aruco_interfaces/ros2_aruco_interfaces/msg/rosidl_typesupport_fastrtps_cpp__visibility_control.h
[2.823s] -- Up-to-date: /home/cc/ee106a/fa25/class/ee106a-adc/EECS-C106A-Final-Project/install/ros2_aruco_interfaces/lib/libros2_aruco_interfaces__rosidl_typesupport_fastrtps_cpp.so
[2.827s] -- Up-to-date: /home/cc/ee106a/fa25/class/ee106a-adc/EECS-C106A-Final-Project/install/ros2_aruco_interfaces/include/ros2_aruco_interfaces/ros2_aruco_interfaces
[2.829s] -- Up-to-date: /home/cc/ee106a/fa25/class/ee106a-adc/EECS-C106A-Final-Project/install/ros2_aruco_interfaces/include/ros2_aruco_interfaces/ros2_aruco_interfaces/msg
[2.830s] -- Up-to-date: /home/cc/ee106a/fa25/class/ee106a-adc/EECS-C106A-Final-Project/install/ros2_aruco_interfaces/include/ros2_aruco_interfaces/ros2_aruco_interfaces/msg/detail
[2.832s] -- Up-to-date: /home/cc/ee106a/fa25/class/ee106a-adc/EECS-C106A-Final-Project/install/ros2_aruco_interfaces/include/ros2_aruco_interfaces/ros2_aruco_interfaces/msg/detail/aruco_markers__rosidl_typesupport_introspection_c.h
[2.832s] -- Up-to-date: /home/cc/ee106a/fa25/class/ee106a-adc/EECS-C106A-Final-Project/install/ros2_aruco_interfaces/include/ros2_aruco_interfaces/ros2_aruco_interfaces/msg/detail/aruco_markers__type_support.c
[2.833s] -- Up-to-date: /home/cc/ee106a/fa25/class/ee106a-adc/EECS-C106A-Final-Project/install/ros2_aruco_interfaces/include/ros2_aruco_interfaces/ros2_aruco_interfaces/msg/rosidl_typesupport_introspection_c__visibility_control.h
[2.837s] -- Up-to-date: /home/cc/ee106a/fa25/class/ee106a-adc/EECS-C106A-Final-Project/install/ros2_aruco_interfaces/lib/libros2_aruco_interfaces__rosidl_typesupport_introspection_c.so
[2.846s] -- Up-to-date: /home/cc/ee106a/fa25/class/ee106a-adc/EECS-C106A-Final-Project/install/ros2_aruco_interfaces/lib/libros2_aruco_interfaces__rosidl_typesupport_c.so
[2.850s] -- Up-to-date: /home/cc/ee106a/fa25/class/ee106a-adc/EECS-C106A-Final-Project/install/ros2_aruco_interfaces/include/ros2_aruco_interfaces/ros2_aruco_interfaces
[2.851s] -- Up-to-date: /home/cc/ee106a/fa25/class/ee106a-adc/EECS-C106A-Final-Project/install/ros2_aruco_interfaces/include/ros2_aruco_interfaces/ros2_aruco_interfaces/msg
[2.853s] -- Up-to-date: /home/cc/ee106a/fa25/class/ee106a-adc/EECS-C106A-Final-Project/install/ros2_aruco_interfaces/include/ros2_aruco_interfaces/ros2_aruco_interfaces/msg/detail
[2.854s] -- Up-to-date: /home/cc/ee106a/fa25/class/ee106a-adc/EECS-C106A-Final-Project/install/ros2_aruco_interfaces/include/ros2_aruco_interfaces/ros2_aruco_interfaces/msg/detail/aruco_markers__rosidl_typesupport_introspection_cpp.hpp
[2.855s] -- Up-to-date: /home/cc/ee106a/fa25/class/ee106a-adc/EECS-C106A-Final-Project/install/ros2_aruco_interfaces/include/ros2_aruco_interfaces/ros2_aruco_interfaces/msg/detail/aruco_markers__type_support.cpp
[2.857s] -- Up-to-date: /home/cc/ee106a/fa25/class/ee106a-adc/EECS-C106A-Final-Project/install/ros2_aruco_interfaces/lib/libros2_aruco_interfaces__rosidl_typesupport_introspection_cpp.so
[2.863s] -- Up-to-date: /home/cc/ee106a/fa25/class/ee106a-adc/EECS-C106A-Final-Project/install/ros2_aruco_interfaces/lib/libros2_aruco_interfaces__rosidl_typesupport_cpp.so
[2.866s] -- Up-to-date: /home/cc/ee106a/fa25/class/ee106a-adc/EECS-C106A-Final-Project/install/ros2_aruco_interfaces/share/ros2_aruco_interfaces/environment/pythonpath.sh
[2.867s] -- Up-to-date: /home/cc/ee106a/fa25/class/ee106a-adc/EECS-C106A-Final-Project/install/ros2_aruco_interfaces/share/ros2_aruco_interfaces/environment/pythonpath.dsv
[2.868s] -- Up-to-date: /home/cc/ee106a/fa25/class/ee106a-adc/EECS-C106A-Final-Project/install/ros2_aruco_interfaces/local/lib/python3.10/dist-packages/ros2_aruco_interfaces-0.1.0-py3.10.egg-info
[2.870s] -- Installing: /home/cc/ee106a/fa25/class/ee106a-adc/EECS-C106A-Final-Project/install/ros2_aruco_interfaces/local/lib/python3.10/dist-packages/ros2_aruco_interfaces-0.1.0-py3.10.egg-info/PKG-INFO
[2.893s] -- Installing: /home/cc/ee106a/fa25/class/ee106a-adc/EECS-C106A-Final-Project/install/ros2_aruco_interfaces/local/lib/python3.10/dist-packages/ros2_aruco_interfaces-0.1.0-py3.10.egg-info/dependency_links.txt
[2.904s] -- Installing: /home/cc/ee106a/fa25/class/ee106a-adc/EECS-C106A-Final-Project/install/ros2_aruco_interfaces/local/lib/python3.10/dist-packages/ros2_aruco_interfaces-0.1.0-py3.10.egg-info/top_level.txt
[2.917s] -- Installing: /home/cc/ee106a/fa25/class/ee106a-adc/EECS-C106A-Final-Project/install/ros2_aruco_interfaces/local/lib/python3.10/dist-packages/ros2_aruco_interfaces-0.1.0-py3.10.egg-info/SOURCES.txt
[2.928s] -- Up-to-date: /home/cc/ee106a/fa25/class/ee106a-adc/EECS-C106A-Final-Project/install/ros2_aruco_interfaces/local/lib/python3.10/dist-packages/ros2_aruco_interfaces
[2.930s] -- Up-to-date: /home/cc/ee106a/fa25/class/ee106a-adc/EECS-C106A-Final-Project/install/ros2_aruco_interfaces/local/lib/python3.10/dist-packages/ros2_aruco_interfaces/__init__.py
[2.930s] -- Up-to-date: /home/cc/ee106a/fa25/class/ee106a-adc/EECS-C106A-Final-Project/install/ros2_aruco_interfaces/local/lib/python3.10/dist-packages/ros2_aruco_interfaces/msg
[2.932s] -- Up-to-date: /home/cc/ee106a/fa25/class/ee106a-adc/EECS-C106A-Final-Project/install/ros2_aruco_interfaces/local/lib/python3.10/dist-packages/ros2_aruco_interfaces/msg/_aruco_markers.py
[2.933s] -- Up-to-date: /home/cc/ee106a/fa25/class/ee106a-adc/EECS-C106A-Final-Project/install/ros2_aruco_interfaces/local/lib/python3.10/dist-packages/ros2_aruco_interfaces/msg/_aruco_markers_s.c
[2.934s] -- Up-to-date: /home/cc/ee106a/fa25/class/ee106a-adc/EECS-C106A-Final-Project/install/ros2_aruco_interfaces/local/lib/python3.10/dist-packages/ros2_aruco_interfaces/msg/__init__.py
[2.934s] -- Up-to-date: /home/cc/ee106a/fa25/class/ee106a-adc/EECS-C106A-Final-Project/install/ros2_aruco_interfaces/local/lib/python3.10/dist-packages/ros2_aruco_interfaces/_ros2_aruco_interfaces_s.ep.rosidl_typesupport_fastrtps_c.c
[2.936s] -- Up-to-date: /home/cc/ee106a/fa25/class/ee106a-adc/EECS-C106A-Final-Project/install/ros2_aruco_interfaces/local/lib/python3.10/dist-packages/ros2_aruco_interfaces/_ros2_aruco_interfaces_s.ep.rosidl_typesupport_introspection_c.c
[2.936s] -- Up-to-date: /home/cc/ee106a/fa25/class/ee106a-adc/EECS-C106A-Final-Project/install/ros2_aruco_interfaces/local/lib/python3.10/dist-packages/ros2_aruco_interfaces/_ros2_aruco_interfaces_s.ep.rosidl_typesupport_c.c
[2.937s] -- Up-to-date: /home/cc/ee106a/fa25/class/ee106a-adc/EECS-C106A-Final-Project/install/ros2_aruco_interfaces/local/lib/python3.10/dist-packages/ros2_aruco_interfaces/libros2_aruco_interfaces__rosidl_generator_py.so
[2.938s] -- Up-to-date: /home/cc/ee106a/fa25/class/ee106a-adc/EECS-C106A-Final-Project/install/ros2_aruco_interfaces/local/lib/python3.10/dist-packages/ros2_aruco_interfaces/ros2_aruco_interfaces_s__rosidl_typesupport_c.cpython-310-x86_64-linux-gnu.so
[2.939s] -- Up-to-date: /home/cc/ee106a/fa25/class/ee106a-adc/EECS-C106A-Final-Project/install/ros2_aruco_interfaces/local/lib/python3.10/dist-packages/ros2_aruco_interfaces/ros2_aruco_interfaces_s__rosidl_typesupport_introspection_c.cpython-310-x86_64-linux-gnu.so
[2.940s] -- Up-to-date: /home/cc/ee106a/fa25/class/ee106a-adc/EECS-C106A-Final-Project/install/ros2_aruco_interfaces/local/lib/python3.10/dist-packages/ros2_aruco_interfaces/ros2_aruco_interfaces_s__rosidl_typesupport_fastrtps_c.cpython-310-x86_64-linux-gnu.so
[3.004s] Listing '/home/cc/ee106a/fa25/class/ee106a-adc/EECS-C106A-Final-Project/install/ros2_aruco_interfaces/local/lib/python3.10/dist-packages/ros2_aruco_interfaces'...
[3.005s] Listing '/home/cc/ee106a/fa25/class/ee106a-adc/EECS-C106A-Final-Project/install/ros2_aruco_interfaces/local/lib/python3.10/dist-packages/ros2_aruco_interfaces/msg'...
[3.010s] -- Up-to-date: /home/cc/ee106a/fa25/class/ee106a-adc/EECS-C106A-Final-Project/install/ros2_aruco_interfaces/local/lib/python3.10/dist-packages/ros2_aruco_interfaces/ros2_aruco_interfaces_s__rosidl_typesupport_fastrtps_c.cpython-310-x86_64-linux-gnu.so
[3.017s] -- Up-to-date: /home/cc/ee106a/fa25/class/ee106a-adc/EECS-C106A-Final-Project/install/ros2_aruco_interfaces/local/lib/python3.10/dist-packages/ros2_aruco_interfaces/ros2_aruco_interfaces_s__rosidl_typesupport_introspection_c.cpython-310-x86_64-linux-gnu.so
[3.024s] -- Up-to-date: /home/cc/ee106a/fa25/class/ee106a-adc/EECS-C106A-Final-Project/install/ros2_aruco_interfaces/local/lib/python3.10/dist-packages/ros2_aruco_interfaces/ros2_aruco_interfaces_s__rosidl_typesupport_c.cpython-310-x86_64-linux-gnu.so
[3.030s] -- Up-to-date: /home/cc/ee106a/fa25/class/ee106a-adc/EECS-C106A-Final-Project/install/ros2_aruco_interfaces/lib/libros2_aruco_interfaces__rosidl_generator_py.so
[3.035s] -- Up-to-date: /home/cc/ee106a/fa25/class/ee106a-adc/EECS-C106A-Final-Project/install/ros2_aruco_interfaces/share/ros2_aruco_interfaces/msg/ArucoMarkers.idl
[3.035s] -- Up-to-date: /home/cc/ee106a/fa25/class/ee106a-adc/EECS-C106A-Final-Project/install/ros2_aruco_interfaces/share/ros2_aruco_interfaces/msg/ArucoMarkers.msg
[3.035s] -- Up-to-date: /home/cc/ee106a/fa25/class/ee106a-adc/EECS-C106A-Final-Project/install/ros2_aruco_interfaces/share/ament_index/resource_index/package_run_dependencies/ros2_aruco_interfaces
[3.036s] -- Up-to-date: /home/cc/ee106a/fa25/class/ee106a-adc/EECS-C106A-Final-Project/install/ros2_aruco_interfaces/share/ament_index/resource_index/parent_prefix_path/ros2_aruco_interfaces
[3.036s] -- Up-to-date: /home/cc/ee106a/fa25/class/ee106a-adc/EECS-C106A-Final-Project/install/ros2_aruco_interfaces/share/ros2_aruco_interfaces/environment/ament_prefix_path.sh
[3.037s] -- Up-to-date: /home/cc/ee106a/fa25/class/ee106a-adc/EECS-C106A-Final-Project/install/ros2_aruco_interfaces/share/ros2_aruco_interfaces/environment/ament_prefix_path.dsv
[3.038s] -- Up-to-date: /home/cc/ee106a/fa25/class/ee106a-adc/EECS-C106A-Final-Project/install/ros2_aruco_interfaces/share/ros2_aruco_interfaces/environment/path.sh
[3.038s] -- Up-to-date: /home/cc/ee106a/fa25/class/ee106a-adc/EECS-C106A-Final-Project/install/ros2_aruco_interfaces/share/ros2_aruco_interfaces/environment/path.dsv
[3.038s] -- Up-to-date: /home/cc/ee106a/fa25/class/ee106a-adc/EECS-C106A-Final-Project/install/ros2_aruco_interfaces/share/ros2_aruco_interfaces/local_setup.bash
[3.039s] -- Up-to-date: /home/cc/ee106a/fa25/class/ee106a-adc/EECS-C106A-Final-Project/install/ros2_aruco_interfaces/share/ros2_aruco_interfaces/local_setup.sh
[3.039s] -- Up-to-date: /home/cc/ee106a/fa25/class/ee106a-adc/EECS-C106A-Final-Project/install/ros2_aruco_interfaces/share/ros2_aruco_interfaces/local_setup.zsh
[3.040s] -- Up-to-date: /home/cc/ee106a/fa25/class/ee106a-adc/EECS-C106A-Final-Project/install/ros2_aruco_interfaces/share/ros2_aruco_interfaces/local_setup.dsv
[3.040s] -- Installing: /home/cc/ee106a/fa25/class/ee106a-adc/EECS-C106A-Final-Project/install/ros2_aruco_interfaces/share/ros2_aruco_interfaces/package.dsv
[3.056s] -- Up-to-date: /home/cc/ee106a/fa25/class/ee106a-adc/EECS-C106A-Final-Project/install/ros2_aruco_interfaces/share/ament_index/resource_index/packages/ros2_aruco_interfaces
[3.061s] -- Up-to-date: /home/cc/ee106a/fa25/class/ee106a-adc/EECS-C106A-Final-Project/install/ros2_aruco_interfaces/share/ros2_aruco_interfaces/cmake/export_ros2_aruco_interfaces__rosidl_generator_cExport.cmake
[3.061s] -- Up-to-date: /home/cc/ee106a/fa25/class/ee106a-adc/EECS-C106A-Final-Project/install/ros2_aruco_interfaces/share/ros2_aruco_interfaces/cmake/export_ros2_aruco_interfaces__rosidl_generator_cExport-noconfig.cmake
[3.067s] -- Up-to-date: /home/cc/ee106a/fa25/class/ee106a-adc/EECS-C106A-Final-Project/install/ros2_aruco_interfaces/share/ros2_aruco_interfaces/cmake/export_ros2_aruco_interfaces__rosidl_typesupport_fastrtps_cExport.cmake
[3.067s] -- Up-to-date: /home/cc/ee106a/fa25/class/ee106a-adc/EECS-C106A-Final-Project/install/ros2_aruco_interfaces/share/ros2_aruco_interfaces/cmake/export_ros2_aruco_interfaces__rosidl_typesupport_fastrtps_cExport-noconfig.cmake
[3.073s] -- Up-to-date: /home/cc/ee106a/fa25/class/ee106a-adc/EECS-C106A-Final-Project/install/ros2_aruco_interfaces/share/ros2_aruco_interfaces/cmake/export_ros2_aruco_interfaces__rosidl_generator_cppExport.cmake
[3.079s] -- Up-to-date: /home/cc/ee106a/fa25/class/ee106a-adc/EECS-C106A-Final-Project/install/ros2_aruco_interfaces/share/ros2_aruco_interfaces/cmake/export_ros2_aruco_interfaces__rosidl_typesupport_fastrtps_cppExport.cmake
[3.079s] -- Up-to-date: /home/cc/ee106a/fa25/class/ee106a-adc/EECS-C106A-Final-Project/install/ros2_aruco_interfaces/share/ros2_aruco_interfaces/cmake/export_ros2_aruco_interfaces__rosidl_typesupport_fastrtps_cppExport-noconfig.cmake
[3.085s] -- Up-to-date: /home/cc/ee106a/fa25/class/ee106a-adc/EECS-C106A-Final-Project/install/ros2_aruco_interfaces/share/ros2_aruco_interfaces/cmake/ros2_aruco_interfaces__rosidl_typesupport_introspection_cExport.cmake
[3.086s] -- Up-to-date: /home/cc/ee106a/fa25/class/ee106a-adc/EECS-C106A-Final-Project/install/ros2_aruco_interfaces/share/ros2_aruco_interfaces/cmake/ros2_aruco_interfaces__rosidl_typesupport_introspection_cExport-noconfig.cmake
[3.091s] -- Up-to-date: /home/cc/ee106a/fa25/class/ee106a-adc/EECS-C106A-Final-Project/install/ros2_aruco_interfaces/share/ros2_aruco_interfaces/cmake/ros2_aruco_interfaces__rosidl_typesupport_cExport.cmake
[3.093s] -- Up-to-date: /home/cc/ee106a/fa25/class/ee106a-adc/EECS-C106A-Final-Project/install/ros2_aruco_interfaces/share/ros2_aruco_interfaces/cmake/ros2_aruco_interfaces__rosidl_typesupport_cExport-noconfig.cmake
[3.097s] -- Up-to-date: /home/cc/ee106a/fa25/class/ee106a-adc/EECS-C106A-Final-Project/install/ros2_aruco_interfaces/share/ros2_aruco_interfaces/cmake/ros2_aruco_interfaces__rosidl_typesupport_introspection_cppExport.cmake
[3.098s] -- Up-to-date: /home/cc/ee106a/fa25/class/ee106a-adc/EECS-C106A-Final-Project/install/ros2_aruco_interfaces/share/ros2_aruco_interfaces/cmake/ros2_aruco_interfaces__rosidl_typesupport_introspection_cppExport-noconfig.cmake
[3.102s] -- Up-to-date: /home/cc/ee106a/fa25/class/ee106a-adc/EECS-C106A-Final-Project/install/ros2_aruco_interfaces/share/ros2_aruco_interfaces/cmake/ros2_aruco_interfaces__rosidl_typesupport_cppExport.cmake
[3.102s] -- Up-to-date: /home/cc/ee106a/fa25/class/ee106a-adc/EECS-C106A-Final-Project/install/ros2_aruco_interfaces/share/ros2_aruco_interfaces/cmake/ros2_aruco_interfaces__rosidl_typesupport_cppExport-noconfig.cmake
[3.109s] -- Up-to-date: /home/cc/ee106a/fa25/class/ee106a-adc/EECS-C106A-Final-Project/install/ros2_aruco_interfaces/share/ros2_aruco_interfaces/cmake/export_ros2_aruco_interfaces__rosidl_generator_pyExport.cmake
[3.109s] -- Up-to-date: /home/cc/ee106a/fa25/class/ee106a-adc/EECS-C106A-Final-Project/install/ros2_aruco_interfaces/share/ros2_aruco_interfaces/cmake/export_ros2_aruco_interfaces__rosidl_generator_pyExport-noconfig.cmake
[3.110s] -- Up-to-date: /home/cc/ee106a/fa25/class/ee106a-adc/EECS-C106A-Final-Project/install/ros2_aruco_interfaces/share/ros2_aruco_interfaces/cmake/rosidl_cmake-extras.cmake
[3.110s] -- Up-to-date: /home/cc/ee106a/fa25/class/ee106a-adc/EECS-C106A-Final-Project/install/ros2_aruco_interfaces/share/ros2_aruco_interfaces/cmake/ament_cmake_export_dependencies-extras.cmake
[3.111s] -- Up-to-date: /home/cc/ee106a/fa25/class/ee106a-adc/EECS-C106A-Final-Project/install/ros2_aruco_interfaces/share/ros2_aruco_interfaces/cmake/ament_cmake_export_include_directories-extras.cmake
[3.111s] -- Up-to-date: /home/cc/ee106a/fa25/class/ee106a-adc/EECS-C106A-Final-Project/install/ros2_aruco_interfaces/share/ros2_aruco_interfaces/cmake/ament_cmake_export_libraries-extras.cmake
[3.112s] -- Up-to-date: /home/cc/ee106a/fa25/class/ee106a-adc/EECS-C106A-Final-Project/install/ros2_aruco_interfaces/share/ros2_aruco_interfaces/cmake/ament_cmake_export_targets-extras.cmake
[3.112s] -- Up-to-date: /home/cc/ee106a/fa25/class/ee106a-adc/EECS-C106A-Final-Project/install/ros2_aruco_interfaces/share/ros2_aruco_interfaces/cmake/rosidl_cmake_export_typesupport_targets-extras.cmake
[3.113s] -- Up-to-date: /home/cc/ee106a/fa25/class/ee106a-adc/EECS-C106A-Final-Project/install/ros2_aruco_interfaces/share/ros2_aruco_interfaces/cmake/rosidl_cmake_export_typesupport_libraries-extras.cmake
[3.114s] -- Up-to-date: /home/cc/ee106a/fa25/class/ee106a-adc/EECS-C106A-Final-Project/install/ros2_aruco_interfaces/share/ros2_aruco_interfaces/cmake/ros2_aruco_interfacesConfig.cmake
[3.114s] -- Up-to-date: /home/cc/ee106a/fa25/class/ee106a-adc/EECS-C106A-Final-Project/install/ros2_aruco_interfaces/share/ros2_aruco_interfaces/cmake/ros2_aruco_interfacesConfig-version.cmake
[3.115s] -- Up-to-date: /home/cc/ee106a/fa25/class/ee106a-adc/EECS-C106A-Final-Project/install/ros2_aruco_interfaces/share/ros2_aruco_interfaces/package.xml
[3.124s] Invoked command in '/home/cc/ee106a/fa25/class/ee106a-adc/EECS-C106A-Final-Project/build/ros2_aruco_interfaces' returned '0': CMAKE_PREFIX_PATH=${CMAKE_PREFIX_PATH}:/home/cc/ee106a/fa25/class/ee106a-adc/EECS-C106A-Final-Project/install/ros2_aruco:/home/cc/ee106a/fa25/class/ee106a-adc/EECS-C106A-Final-Project/install/planning:/home/cc/ee106a/fa25/class/ee106a-adc/EECS-C106A-Final-Project/install/perception:/home/ff/ee106a/robot_workspaces/ur/install/ur7e_utils:/opt/ros/humble /usr/bin/cmake --install /home/cc/ee106a/fa25/class/ee106a-adc/EECS-C106A-Final-Project/build/ros2_aruco_interfaces
