[0.122s] Invoking command in '/home/cc/ee106a/fa25/class/ee106a-adc/EECS-C106A-Final-Project/build/robotiq_hande_description': CMAKE_PREFIX_PATH=/home/ff/ee106a/robot_workspaces/ur/install/ur7e_utils:/opt/ros/humble /usr/bin/cmake /home/cc/ee106a/fa25/class/ee106a-adc/EECS-C106A-Final-Project/src/robotiq_hande_description -DCMAKE_INSTALL_PREFIX=/home/cc/ee106a/fa25/class/ee106a-adc/EECS-C106A-Final-Project/install/robotiq_hande_description
[1.139s] -- The C compiler identification is GNU 11.4.0
[1.139s] -- The CXX compiler identification is GNU 11.4.0
[1.140s] -- Detecting C compiler ABI info
[1.140s] -- Detecting C compiler ABI info - done
[1.141s] -- Check for working C compiler: /usr/bin/cc - skipped
[1.141s] -- Detecting C compile features
[1.141s] -- Detecting C compile features - done
[1.141s] -- Detecting CXX compiler ABI info
[1.141s] -- Detecting CXX compiler ABI info - done
[1.142s] -- Check for working CXX compiler: /usr/bin/c++ - skipped
[1.142s] -- Detecting CXX compile features
[1.142s] -- Detecting CXX compile features - done
[1.143s] -- Found ament_cmake: 1.3.12 (/opt/ros/humble/share/ament_cmake/cmake)
[2.011s] -- Found Python3: /usr/bin/python3 (found version "3.10.12") found components: Interpreter 
[2.433s] -- Configuring done
[2.549s] -- Generating done
[2.626s] -- Build files have been written to: /home/cc/ee106a/fa25/class/ee106a-adc/EECS-C106A-Final-Project/build/robotiq_hande_description
[2.632s] Invoked command in '/home/cc/ee106a/fa25/class/ee106a-adc/EECS-C106A-Final-Project/build/robotiq_hande_description' returned '0': CMAKE_PREFIX_PATH=/home/ff/ee106a/robot_workspaces/ur/install/ur7e_utils:/opt/ros/humble /usr/bin/cmake /home/cc/ee106a/fa25/class/ee106a-adc/EECS-C106A-Final-Project/src/robotiq_hande_description -DCMAKE_INSTALL_PREFIX=/home/cc/ee106a/fa25/class/ee106a-adc/EECS-C106A-Final-Project/install/robotiq_hande_description
[2.640s] Invoking command in '/home/cc/ee106a/fa25/class/ee106a-adc/EECS-C106A-Final-Project/build/robotiq_hande_description': CMAKE_PREFIX_PATH=/home/ff/ee106a/robot_workspaces/ur/install/ur7e_utils:/opt/ros/humble /usr/bin/cmake --build /home/cc/ee106a/fa25/class/ee106a-adc/EECS-C106A-Final-Project/build/robotiq_hande_description -- -j32 -l32
[2.766s] Invoked command in '/home/cc/ee106a/fa25/class/ee106a-adc/EECS-C106A-Final-Project/build/robotiq_hande_description' returned '0': CMAKE_PREFIX_PATH=/home/ff/ee106a/robot_workspaces/ur/install/ur7e_utils:/opt/ros/humble /usr/bin/cmake --build /home/cc/ee106a/fa25/class/ee106a-adc/EECS-C106A-Final-Project/build/robotiq_hande_description -- -j32 -l32
[2.776s] Invoking command in '/home/cc/ee106a/fa25/class/ee106a-adc/EECS-C106A-Final-Project/build/robotiq_hande_description': CMAKE_PREFIX_PATH=/home/ff/ee106a/robot_workspaces/ur/install/ur7e_utils:/opt/ros/humble /usr/bin/cmake --install /home/cc/ee106a/fa25/class/ee106a-adc/EECS-C106A-Final-Project/build/robotiq_hande_description
[2.796s] -- Install configuration: ""
[2.797s] -- Installing: /home/cc/ee106a/fa25/class/ee106a-adc/EECS-C106A-Final-Project/install/robotiq_hande_description/share/robotiq_hande_description/launch
[2.806s] -- Installing: /home/cc/ee106a/fa25/class/ee106a-adc/EECS-C106A-Final-Project/install/robotiq_hande_description/share/robotiq_hande_description/launch/display.launch.py
[2.819s] -- Installing: /home/cc/ee106a/fa25/class/ee106a-adc/EECS-C106A-Final-Project/install/robotiq_hande_description/share/robotiq_hande_description/meshes
[2.826s] -- Installing: /home/cc/ee106a/fa25/class/ee106a-adc/EECS-C106A-Final-Project/install/robotiq_hande_description/share/robotiq_hande_description/meshes/finger.dae
[2.847s] -- Installing: /home/cc/ee106a/fa25/class/ee106a-adc/EECS-C106A-Final-Project/install/robotiq_hande_description/share/robotiq_hande_description/meshes/finger_collision.dae
[2.861s] -- Installing: /home/cc/ee106a/fa25/class/ee106a-adc/EECS-C106A-Final-Project/install/robotiq_hande_description/share/robotiq_hande_description/meshes/hande.dae
[2.924s] -- Installing: /home/cc/ee106a/fa25/class/ee106a-adc/EECS-C106A-Final-Project/install/robotiq_hande_description/share/robotiq_hande_description/meshes/io_coupler.dae
[3.029s] -- Installing: /home/cc/ee106a/fa25/class/ee106a-adc/EECS-C106A-Final-Project/install/robotiq_hande_description/share/robotiq_hande_description/rviz
[3.036s] -- Installing: /home/cc/ee106a/fa25/class/ee106a-adc/EECS-C106A-Final-Project/install/robotiq_hande_description/share/robotiq_hande_description/rviz/urdf.rviz
[3.050s] -- Installing: /home/cc/ee106a/fa25/class/ee106a-adc/EECS-C106A-Final-Project/install/robotiq_hande_description/share/robotiq_hande_description/urdf
[3.056s] -- Installing: /home/cc/ee106a/fa25/class/ee106a-adc/EECS-C106A-Final-Project/install/robotiq_hande_description/share/robotiq_hande_description/urdf/cylinder_inertial.xacro
[3.073s] -- Installing: /home/cc/ee106a/fa25/class/ee106a-adc/EECS-C106A-Final-Project/install/robotiq_hande_description/share/robotiq_hande_description/urdf/robotiq_hande_gripper.ros2_control.xacro
[3.089s] -- Installing: /home/cc/ee106a/fa25/class/ee106a-adc/EECS-C106A-Final-Project/install/robotiq_hande_description/share/robotiq_hande_description/urdf/robotiq_hande_gripper.urdf.xacro
[3.101s] -- Installing: /home/cc/ee106a/fa25/class/ee106a-adc/EECS-C106A-Final-Project/install/robotiq_hande_description/share/robotiq_hande_description/urdf/robotiq_hande_gripper.xacro
[3.120s] -- Installing: /home/cc/ee106a/fa25/class/ee106a-adc/EECS-C106A-Final-Project/install/robotiq_hande_description/share/ament_index/resource_index/package_run_dependencies/robotiq_hande_description
[3.134s] -- Installing: /home/cc/ee106a/fa25/class/ee106a-adc/EECS-C106A-Final-Project/install/robotiq_hande_description/share/ament_index/resource_index/parent_prefix_path/robotiq_hande_description
[3.149s] -- Installing: /home/cc/ee106a/fa25/class/ee106a-adc/EECS-C106A-Final-Project/install/robotiq_hande_description/share/robotiq_hande_description/environment/ament_prefix_path.sh
[3.159s] -- Installing: /home/cc/ee106a/fa25/class/ee106a-adc/EECS-C106A-Final-Project/install/robotiq_hande_description/share/robotiq_hande_description/environment/ament_prefix_path.dsv
[3.170s] -- Installing: /home/cc/ee106a/fa25/class/ee106a-adc/EECS-C106A-Final-Project/install/robotiq_hande_description/share/robotiq_hande_description/environment/path.sh
[3.177s] -- Installing: /home/cc/ee106a/fa25/class/ee106a-adc/EECS-C106A-Final-Project/install/robotiq_hande_description/share/robotiq_hande_description/environment/path.dsv
[3.190s] -- Installing: /home/cc/ee106a/fa25/class/ee106a-adc/EECS-C106A-Final-Project/install/robotiq_hande_description/share/robotiq_hande_description/local_setup.bash
[3.202s] -- Installing: /home/cc/ee106a/fa25/class/ee106a-adc/EECS-C106A-Final-Project/install/robotiq_hande_description/share/robotiq_hande_description/local_setup.sh
[3.216s] -- Installing: /home/cc/ee106a/fa25/class/ee106a-adc/EECS-C106A-Final-Project/install/robotiq_hande_description/share/robotiq_hande_description/local_setup.zsh
[3.230s] -- Installing: /home/cc/ee106a/fa25/class/ee106a-adc/EECS-C106A-Final-Project/install/robotiq_hande_description/share/robotiq_hande_description/local_setup.dsv
[3.243s] -- Installing: /home/cc/ee106a/fa25/class/ee106a-adc/EECS-C106A-Final-Project/install/robotiq_hande_description/share/robotiq_hande_description/package.dsv
[3.261s] -- Installing: /home/cc/ee106a/fa25/class/ee106a-adc/EECS-C106A-Final-Project/install/robotiq_hande_description/share/ament_index/resource_index/packages/robotiq_hande_description
[3.278s] -- Installing: /home/cc/ee106a/fa25/class/ee106a-adc/EECS-C106A-Final-Project/install/robotiq_hande_description/share/robotiq_hande_description/cmake/robotiq_hande_descriptionConfig.cmake
[3.292s] -- Installing: /home/cc/ee106a/fa25/class/ee106a-adc/EECS-C106A-Final-Project/install/robotiq_hande_description/share/robotiq_hande_description/cmake/robotiq_hande_descriptionConfig-version.cmake
[3.307s] -- Installing: /home/cc/ee106a/fa25/class/ee106a-adc/EECS-C106A-Final-Project/install/robotiq_hande_description/share/robotiq_hande_description/package.xml
[3.325s] Invoked command in '/home/cc/ee106a/fa25/class/ee106a-adc/EECS-C106A-Final-Project/build/robotiq_hande_description' returned '0': CMAKE_PREFIX_PATH=/home/ff/ee106a/robot_workspaces/ur/install/ur7e_utils:/opt/ros/humble /usr/bin/cmake --install /home/cc/ee106a/fa25/class/ee106a-adc/EECS-C106A-Final-Project/build/robotiq_hande_description
